0
500
1000
 ============ Start explaining ML1M VAE by lxr ============
From file: VAE_lxr_expl_dict.pkl
User 0, total time: 0.19
User 500, total time: 0.13
User 1000, total time: 0.13
this experiment is for /home/amir.reza/counterfactual/DiffExplainer4RS/checkpoints/recommenders/VAE_ML1M_0_19_128.pt and VAE
users_DEL_lxr:  0.009352716444511296
users_INS_lxr:  0.012310134253390193
NDCG_lxr:  0.5248831302137268
POS_at_1_lxr:  0.3167519566526189
POS_at_5_lxr:  0.5337146297411198
POS_at_10_lxr:  0.6178506923540036
POS_at_20_lxr:  0.694310656231186
POS_at_50_lxr:  0.782585791691752
POS_at_100_lxr:  0.842940999397953
NEG_at_1_lxr:  0.32781456953642385
NEG_at_5_lxr:  0.5408639373871162
NEG_at_10_lxr:  0.6298163756773029
NEG_at_20_lxr:  0.7143287176399759
NEG_at_50_lxr:  0.8108819987959061
NEG_at_100_lxr:  0.8721402769416015
0.009352716444511296 0.012310134253390193 0.5248831302137268 0.3167519566526189 0.32781456953642385 0.5337146297411198 0.5408639373871162 0.6178506923540036 0.6298163756773029 0.694310656231186 0.7143287176399759 0.782585791691752 0.8108819987959061 0.842940999397953 0.8721402769416015
 ============ Start explaining ML1M VAE by lime ============
From file: VAE_lime_expl_dict.pkl
User 0, total time: 0.13
User 500, total time: 0.12
User 1000, total time: 0.12
this experiment is for /home/amir.reza/counterfactual/DiffExplainer4RS/checkpoints/recommenders/VAE_ML1M_0_19_128.pt and VAE
users_DEL_lime:  0.008282277421914007
users_INS_lime:  0.015371227096030666
NDCG_lime:  0.45691016626537007
POS_at_1_lime:  0.24142083082480434
POS_at_5_lime:  0.4376128838049368
POS_at_10_lime:  0.538305237808549
POS_at_20_lime:  0.6369656833232993
POS_at_50_lime:  0.7496989765201686
POS_at_100_lime:  0.8250301023479831
NEG_at_1_lime:  0.5447772426249248
NEG_at_5_lime:  0.7583534015653222
NEG_at_10_lime:  0.8172787477423239
NEG_at_20_lime:  0.8628085490668272
NEG_at_50_lime:  0.9061559301625528
NEG_at_100_lime:  0.9303883202889827
0.008282277421914007 0.015371227096030666 0.45691016626537007 0.24142083082480434 0.5447772426249248 0.4376128838049368 0.7583534015653222 0.538305237808549 0.8172787477423239 0.6369656833232993 0.8628085490668272 0.7496989765201686 0.9061559301625528 0.8250301023479831 0.9303883202889827
 ============ Start explaining ML1M VAE by jaccard ============
From file: VAE_jaccard_expl_dict.pkl
User 0, total time: 0.13
User 500, total time: 0.13
User 1000, total time: 0.12
this experiment is for /home/amir.reza/counterfactual/DiffExplainer4RS/checkpoints/recommenders/VAE_ML1M_0_19_128.pt and VAE
users_DEL_jaccard:  0.006820086138559995
users_INS_jaccard:  0.019772666469007
NDCG_jaccard:  0.39915005896691275
POS_at_1_jaccard:  0.1966435881998796
POS_at_5_jaccard:  0.3588199879590608
POS_at_10_jaccard:  0.4440848886213125
POS_at_20_jaccard:  0.5298765803732691
POS_at_50_jaccard:  0.6474262492474413
POS_at_100_jaccard:  0.7359271523178808
NEG_at_1_jaccard:  0.5166315472606864
NEG_at_5_jaccard:  0.7843919325707405
NEG_at_10_jaccard:  0.8529500301023479
NEG_at_20_jaccard:  0.8943407585791691
NEG_at_50_jaccard:  0.9207555689343768
NEG_at_100_jaccard:  0.9372366044551476
0.006820086138559995 0.019772666469007 0.39915005896691275 0.1966435881998796 0.5166315472606864 0.3588199879590608 0.7843919325707405 0.4440848886213125 0.8529500301023479 0.5298765803732691 0.8943407585791691 0.6474262492474413 0.9207555689343768 0.7359271523178808 0.9372366044551476
 ============ Start explaining ML1M VAE by cosine ============
From file: VAE_cosine_expl_dict.pkl
User 0, total time: 0.13
User 500, total time: 0.12
User 1000, total time: 0.13
this experiment is for /home/amir.reza/counterfactual/DiffExplainer4RS/checkpoints/recommenders/VAE_ML1M_0_19_128.pt and VAE
users_DEL_cosine:  0.00674717003110014
users_INS_cosine:  0.019980531235945256
NDCG_cosine:  0.3968541254320287
POS_at_1_cosine:  0.19814870559903675
POS_at_5_cosine:  0.35039133052378085
POS_at_10_cosine:  0.4369355809753161
POS_at_20_cosine:  0.5234798314268513
POS_at_50_cosine:  0.6389223359422035
POS_at_100_cosine:  0.7273479831426851
NEG_at_1_cosine:  0.5161800120409391
NEG_at_5_cosine:  0.7751354605659242
NEG_at_10_cosine:  0.8454244431065623
NEG_at_20_cosine:  0.8877182420228777
NEG_at_50_cosine:  0.9190246839253462
NEG_at_100_cosine:  0.936935580975316
0.00674717003110014 0.019980531235945256 0.3968541254320287 0.19814870559903675 0.5161800120409391 0.35039133052378085 0.7751354605659242 0.4369355809753161 0.8454244431065623 0.5234798314268513 0.8877182420228777 0.6389223359422035 0.9190246839253462 0.7273479831426851 0.936935580975316
 ============ Start explaining ML1M VAE by shap ============
From file: VAE_shap_expl_dict.pkl
User 0, total time: 0.13
User 500, total time: 0.12
User 1000, total time: 0.12
this experiment is for /home/amir.reza/counterfactual/DiffExplainer4RS/checkpoints/recommenders/VAE_ML1M_0_19_128.pt and VAE
users_DEL_shap:  0.010661086144232721
users_INS_shap:  0.011246951594725222
NDCG_shap:  0.5631755757325568
POS_at_1_shap:  0.35129440096327513
POS_at_5_shap:  0.5857164358819987
POS_at_10_shap:  0.6776038531005418
POS_at_20_shap:  0.7558699578567128
POS_at_50_shap:  0.8362432269717037
POS_at_100_shap:  0.8865894039735099
NEG_at_1_shap:  0.30034617700180616
NEG_at_5_shap:  0.5039133052378085
NEG_at_10_shap:  0.593467790487658
NEG_at_20_shap:  0.6764750150511739
NEG_at_50_shap:  0.775737507525587
NEG_at_100_shap:  0.8464780252859723
0.010661086144232721 0.011246951594725222 0.5631755757325568 0.35129440096327513 0.30034617700180616 0.5857164358819987 0.5039133052378085 0.6776038531005418 0.593467790487658 0.7558699578567128 0.6764750150511739 0.8362432269717037 0.775737507525587 0.8865894039735099 0.8464780252859723
 ============ Start explaining ML1M VAE by accent ============
From file: VAE_accent_expl_dict.pkl
User 0, total time: 0.13
User 500, total time: 0.12
User 1000, total time: 0.13
this experiment is for /home/amir.reza/counterfactual/DiffExplainer4RS/checkpoints/recommenders/VAE_ML1M_0_19_128.pt and VAE
users_DEL_accent:  0.007710393038238954
users_INS_accent:  0.015199039391103142
NDCG_accent:  0.47155523629021406
POS_at_1_accent:  0.285219747140277
POS_at_5_accent:  0.4380644190246839
POS_at_10_accent:  0.5139223359422035
POS_at_20_accent:  0.5981336544250451
POS_at_50_accent:  0.7071794099939795
POS_at_100_accent:  0.7909391932570741
NEG_at_1_accent:  0.22704695966285368
NEG_at_5_accent:  0.539885611077664
NEG_at_10_accent:  0.6702287778446718
NEG_at_20_accent:  0.7700180614087898
NEG_at_50_accent:  0.8609271523178808
NEG_at_100_accent:  0.9066827212522577
0.007710393038238954 0.015199039391103142 0.47155523629021406 0.285219747140277 0.22704695966285368 0.4380644190246839 0.539885611077664 0.5139223359422035 0.6702287778446718 0.5981336544250451 0.7700180614087898 0.7071794099939795 0.8609271523178808 0.7909391932570741 0.9066827212522577
