python code/init_recommenders_training.py 
======================== new run ========================
(  0 /  44) loss = 240.2958
this model is saved as VAE_Yahoo_0_256.pt
pos_loss = -0.0005085957236588001, neg_loss = 0.0005087912431918085
hit_at_10 is 325, hit_at_50 is 923, hit_at_100 is 1377
0.11775362318840579 0.33442028985507244 0.4989130434782609 0.01920289855072464 6.384484506226468
(  0 /  44) loss = 198.1123
this model is saved as VAE_Yahoo_1_256.pt
pos_loss = -0.0006976614822633564, neg_loss = 0.0006979480967856944
hit_at_10 is 370, hit_at_50 is 1011, hit_at_100 is 1416
0.13405797101449277 0.36630434782608695 0.5130434782608696 0.02318840579710145 6.092449539782669
(  0 /  44) loss = 151.4086
this model is saved as VAE_Yahoo_2_256.pt
pos_loss = -0.0005689221434295177, neg_loss = 0.0005691621918231249
hit_at_10 is 621, hit_at_50 is 1400, hit_at_100 is 1782
0.225 0.5072463768115942 0.6456521739130435 0.04565217391304348 4.815377932232843
(  0 /  44) loss = 163.1172
this model is saved as VAE_Yahoo_3_256.pt
pos_loss = -0.0003819568082690239, neg_loss = 0.0003819070407189429
hit_at_10 is 744, hit_at_50 is 1602, hit_at_100 is 1963
0.26956521739130435 0.5804347826086956 0.711231884057971 0.0713768115942029 3.8929837318525733
(  0 /  44) loss = 147.6849
this model is saved as VAE_Yahoo_4_256.pt
pos_loss = -0.00045053791836835444, neg_loss = 0.00045052546192891896
hit_at_10 is 838, hit_at_50 is 1683, hit_at_100 is 2039
0.3036231884057971 0.6097826086956522 0.738768115942029 0.07753623188405798 3.3860914894420855
(  0 /  44) loss = 165.3205
this model is saved as VAE_Yahoo_5_256.pt
pos_loss = -0.00034217548090964556, neg_loss = 0.0003421599976718426
hit_at_10 is 916, hit_at_50 is 1772, hit_at_100 is 2104
0.3318840579710145 0.6420289855072464 0.7623188405797101 0.08007246376811594 3.0602406225210665
(  0 /  44) loss = 154.1683
this model is saved as VAE_Yahoo_6_256.pt
pos_loss = -0.0005278749740682542, neg_loss = 0.000527849595528096
hit_at_10 is 1004, hit_at_50 is 1846, hit_at_100 is 2140
0.36376811594202896 0.6688405797101449 0.7753623188405797 0.0891304347826087 2.842463705158723
(  0 /  44) loss = 146.9842
this model is saved as VAE_Yahoo_7_256.pt
pos_loss = -0.00045888021122664213, neg_loss = 0.0004588532610796392
hit_at_10 is 1018, hit_at_50 is 1880, hit_at_100 is 2184
0.36884057971014494 0.6811594202898551 0.7913043478260869 0.0927536231884058 2.652718493055829
(  0 /  44) loss = 154.1013
this model is saved as VAE_Yahoo_8_256.pt
pos_loss = -0.0005070747574791312, neg_loss = 0.0005070227780379355
hit_at_10 is 1041, hit_at_50 is 1883, hit_at_100 is 2185
0.37717391304347825 0.6822463768115942 0.7916666666666666 0.0963768115942029 2.5626345710724254
(  0 /  44) loss = 145.1147
this model is saved as VAE_Yahoo_9_256.pt
pos_loss = -0.0004431120178196579, neg_loss = 0.0004430791304912418
hit_at_10 is 1065, hit_at_50 is 1906, hit_at_100 is 2210
0.3858695652173913 0.6905797101449276 0.8007246376811594 0.1 2.4911545096261736
(  0 /  44) loss = 145.5711
this model is saved as VAE_Yahoo_10_256.pt
pos_loss = -0.000593853066675365, neg_loss = 0.000593816686887294
hit_at_10 is 1066, hit_at_50 is 1930, hit_at_100 is 2212
0.38623188405797104 0.6992753623188406 0.8014492753623188 0.0963768115942029 2.430164696105478
(  0 /  44) loss = 144.6097
this model is saved as VAE_Yahoo_11_256.pt
pos_loss = -0.0005659689195454121, neg_loss = 0.0005659423768520355
hit_at_10 is 1094, hit_at_50 is 1936, hit_at_100 is 2224
0.3963768115942029 0.7014492753623188 0.8057971014492754 0.10978260869565218 2.3961205756808956
(  0 /  44) loss = 150.6004
this model is saved as VAE_Yahoo_12_256.pt
pos_loss = -0.0005496160010807216, neg_loss = 0.0005495852092280984
hit_at_10 is 1099, hit_at_50 is 1932, hit_at_100 is 2241
0.39818840579710146 0.7 0.8119565217391305 0.10471014492753623 2.3585980684722916
(  0 /  44) loss = 147.9900
this model is saved as VAE_Yahoo_13_256.pt
pos_loss = -0.0004600092943292111, neg_loss = 0.00045997920096851885
hit_at_10 is 1094, hit_at_50 is 1938, hit_at_100 is 2252
0.3963768115942029 0.7021739130434783 0.8159420289855073 0.1036231884057971 2.3254589581838196
======================== new run ========================
(  0 /  44) loss = 211.9205
this model is saved as VAE_Yahoo_0_256.pt
pos_loss = -0.000582053093239665, neg_loss = 0.0005822847597301006
hit_at_10 is 315, hit_at_50 is 920, hit_at_100 is 1371
0.11413043478260869 0.3333333333333333 0.4967391304347826 0.021014492753623187 6.208039008297763
(  0 /  44) loss = 192.9769
this model is saved as VAE_Yahoo_1_256.pt
pos_loss = -0.0006836241227574646, neg_loss = 0.0006838935660198331
hit_at_10 is 436, hit_at_50 is 1117, hit_at_100 is 1501
0.15797101449275364 0.4047101449275362 0.5438405797101449 0.030434782608695653 5.840888200556568
(  0 /  44) loss = 184.6160
this model is saved as VAE_Yahoo_2_256.pt
pos_loss = -0.0006230300641618669, neg_loss = 0.0006233243620954454
hit_at_10 is 525, hit_at_50 is 1298, hit_at_100 is 1745
0.19021739130434784 0.4702898550724638 0.6322463768115942 0.034420289855072464 4.861911192535789
(  0 /  44) loss = 149.7017
this model is saved as VAE_Yahoo_3_256.pt
pos_loss = -0.00045553065137937665, neg_loss = 0.0004555406922008842
hit_at_10 is 681, hit_at_50 is 1516, hit_at_100 is 1927
0.2467391304347826 0.5492753623188406 0.6981884057971014 0.057608695652173914 4.150620443470704
(  0 /  44) loss = 151.1979
this model is saved as VAE_Yahoo_4_256.pt
pos_loss = -0.00039316483889706433, neg_loss = 0.0003930859675165266
hit_at_10 is 808, hit_at_50 is 1682, hit_at_100 is 2036
0.2927536231884058 0.6094202898550725 0.7376811594202899 0.07644927536231884 3.4766082423601388
(  0 /  44) loss = 146.8405
this model is saved as VAE_Yahoo_5_256.pt
pos_loss = -0.0003656372136902064, neg_loss = 0.0003655777545645833
hit_at_10 is 916, hit_at_50 is 1769, hit_at_100 is 2089
0.3318840579710145 0.6409420289855072 0.7568840579710145 0.08442028985507247 3.1072145834120346
(  0 /  44) loss = 165.0666
this model is saved as VAE_Yahoo_6_256.pt
pos_loss = -0.0003890091029461473, neg_loss = 0.0003889471699949354
hit_at_10 is 948, hit_at_50 is 1812, hit_at_100 is 2126
0.34347826086956523 0.6565217391304348 0.7702898550724637 0.09166666666666666 2.8688821314798814
(  0 /  44) loss = 147.1736
this model is saved as VAE_Yahoo_7_256.pt
pos_loss = -0.0003786221786867827, neg_loss = 0.0003785837034229189
hit_at_10 is 1002, hit_at_50 is 1842, hit_at_100 is 2155
0.3630434782608696 0.6673913043478261 0.7807971014492754 0.0963768115942029 2.7132282577217124
(  0 /  44) loss = 148.3060
this model is saved as VAE_Yahoo_8_256.pt
pos_loss = -0.0004721255972981453, neg_loss = 0.0004720727738458663
hit_at_10 is 1012, hit_at_50 is 1892, hit_at_100 is 2176
0.36666666666666664 0.6855072463768116 0.7884057971014493 0.09601449275362318 2.577767914478918
(  0 /  44) loss = 139.1425
this model is saved as VAE_Yahoo_9_256.pt
pos_loss = -0.00046559085603803396, neg_loss = 0.0004655446682590991
hit_at_10 is 1020, hit_at_50 is 1897, hit_at_100 is 2198
0.3695652173913043 0.6873188405797102 0.7963768115942029 0.09855072463768116 2.5055323663103426
(  0 /  44) loss = 136.4727
this model is saved as VAE_Yahoo_10_256.pt
pos_loss = -0.0004747434868477285, neg_loss = 0.0004746939812321216
hit_at_10 is 1013, hit_at_50 is 1899, hit_at_100 is 2209
0.3670289855072464 0.6880434782608695 0.8003623188405797 0.09746376811594203 2.4562368576789027
(  0 /  44) loss = 125.9142
this model is saved as VAE_Yahoo_11_256.pt
pos_loss = -0.0005981074646115303, neg_loss = 0.0005980418063700199
hit_at_10 is 1050, hit_at_50 is 1908, hit_at_100 is 2227
0.3804347826086957 0.691304347826087 0.8068840579710145 0.10326086956521739 2.4011571538297023
(  0 /  44) loss = 148.4021
this model is saved as VAE_Yahoo_12_256.pt
pos_loss = -0.0006574256694875658, neg_loss = 0.0006573500577360392
hit_at_10 is 1078, hit_at_50 is 1914, hit_at_100 is 2234
0.39057971014492754 0.6934782608695652 0.8094202898550724 0.09746376811594203 2.357913408630195
(  0 /  44) loss = 165.7142
this model is saved as VAE_Yahoo_13_256.pt
pos_loss = -0.0004895172314718366, neg_loss = 0.0004894737503491342
hit_at_10 is 1084, hit_at_50 is 1919, hit_at_100 is 2252
0.3927536231884058 0.6952898550724638 0.8159420289855073 0.10398550724637681 2.3163065513290415
(  0 /  44) loss = 140.7184
this model is saved as VAE_Yahoo_14_256.pt
pos_loss = -0.0005415240302681923, neg_loss = 0.0005414882325567305
hit_at_10 is 1088, hit_at_50 is 1931, hit_at_100 is 2250
0.39420289855072466 0.6996376811594203 0.8152173913043478 0.10072463768115943 2.305076555987879
(  0 /  44) loss = 167.9242
this model is saved as VAE_Yahoo_15_256.pt
pos_loss = -0.0006549088866449893, neg_loss = 0.0006548770470544696
hit_at_10 is 1099, hit_at_50 is 1936, hit_at_100 is 2257
0.39818840579710146 0.7014492753623188 0.8177536231884058 0.10507246376811594 2.276187058512468
(  0 /  44) loss = 144.9596
this model is saved as VAE_Yahoo_16_256.pt
pos_loss = -0.0006782910786569118, neg_loss = 0.0006782559212297201
hit_at_10 is 1092, hit_at_50 is 1938, hit_at_100 is 2254
0.39565217391304347 0.7021739130434783 0.8166666666666667 0.09782608695652174 2.268608582329183
(  0 /  44) loss = 119.9485
this model is saved as VAE_Yahoo_17_256.pt
pos_loss = -0.0005245231441222131, neg_loss = 0.0005244916537776589
hit_at_10 is 1099, hit_at_50 is 1948, hit_at_100 is 2260
0.39818840579710146 0.7057971014492753 0.8188405797101449 0.1036231884057971 2.230700462106063
(  0 /  44) loss = 150.4734
this model is saved as VAE_Yahoo_18_256.pt
pos_loss = -0.0006110472022555768, neg_loss = 0.0006110207177698612
hit_at_10 is 1116, hit_at_50 is 1963, hit_at_100 is 2265
0.4043478260869565 0.711231884057971 0.8206521739130435 0.1 2.218919591029874
(  0 /  44) loss = 153.4750
this model is saved as VAE_Yahoo_19_256.pt
pos_loss = -0.0006256757187657058, neg_loss = 0.0006256529595702887
hit_at_10 is 1110, hit_at_50 is 1964, hit_at_100 is 2260
0.40217391304347827 0.7115942028985507 0.8188405797101449 0.10434782608695652 2.2073275916342583
======================== new run ========================
(  0 / 173) loss = 219.0435
this model is saved as VAE_Yahoo_0_64.pt
pos_loss = -0.00048065203009173274, neg_loss = 0.00048088430776260793
hit_at_10 is 549, hit_at_50 is 1289, hit_at_100 is 1714
0.19891304347826086 0.46702898550724636 0.6210144927536232 0.042753623188405795 5.118115627242856
(  0 / 173) loss = 222.1111
this model is saved as VAE_Yahoo_1_64.pt
pos_loss = -0.00041602595592848957, neg_loss = 0.0004159457457717508
hit_at_10 is 874, hit_at_50 is 1704, hit_at_100 is 2044
0.31666666666666665 0.6173913043478261 0.7405797101449275 0.08478260869565217 3.450630516627004
(  0 / 173) loss = 184.9485
this model is saved as VAE_Yahoo_2_64.pt
pos_loss = -0.00042393256444483995, neg_loss = 0.0004238123947288841
hit_at_10 is 997, hit_at_50 is 1836, hit_at_100 is 2160
0.361231884057971 0.6652173913043479 0.782608695652174 0.09492753623188406 2.8879266926050526
(  0 / 173) loss = 139.4725
this model is saved as VAE_Yahoo_3_64.pt
pos_loss = -0.0007061054930090904, neg_loss = 0.0007059958297759295
hit_at_10 is 1044, hit_at_50 is 1874, hit_at_100 is 2206
0.3782608695652174 0.6789855072463769 0.7992753623188406 0.10398550724637681 2.6059097948853713
(  0 / 173) loss = 158.2603
this model is saved as VAE_Yahoo_4_64.pt
pos_loss = -0.0003908572834916413, neg_loss = 0.00039079823181964457
hit_at_10 is 1086, hit_at_50 is 1917, hit_at_100 is 2235
0.3934782608695652 0.6945652173913044 0.8097826086956522 0.10181159420289855 2.4238217554993238
(  0 / 173) loss = 156.8469
this model is saved as VAE_Yahoo_5_64.pt
pos_loss = -0.00038932461757212877, neg_loss = 0.0003892910317517817
hit_at_10 is 1098, hit_at_50 is 1955, hit_at_100 is 2231
0.3978260869565217 0.7083333333333334 0.8083333333333333 0.10652173913043478 2.339899772094849
(  0 / 173) loss = 155.7511
this model is saved as VAE_Yahoo_6_64.pt
pos_loss = -0.00048204470658674836, neg_loss = 0.00048198422882705927
hit_at_10 is 1065, hit_at_50 is 1968, hit_at_100 is 2236
0.3858695652173913 0.7130434782608696 0.8101449275362319 0.10615942028985507 2.307201362394406
(  0 / 173) loss = 120.1760
this model is saved as VAE_Yahoo_7_64.pt
pos_loss = -0.0006347334710881114, neg_loss = 0.0006347180460579693
hit_at_10 is 1122, hit_at_50 is 1968, hit_at_100 is 2252
0.40652173913043477 0.7130434782608696 0.8159420289855073 0.11159420289855072 2.2510435160352187
(  0 / 173) loss = 160.9442
this model is saved as VAE_Yahoo_8_64.pt
pos_loss = -0.0007304190658032894, neg_loss = 0.0007304263417609036
hit_at_10 is 1094, hit_at_50 is 1980, hit_at_100 is 2261
0.3963768115942029 0.717391304347826 0.8192028985507246 0.10833333333333334 2.175069882521826
(  0 / 173) loss = 127.4116
this model is saved as VAE_Yahoo_9_64.pt
pos_loss = -0.0004269719065632671, neg_loss = 0.00042693872819654644
hit_at_10 is 1121, hit_at_50 is 1971, hit_at_100 is 2259
0.4061594202898551 0.7141304347826087 0.8184782608695652 0.10326086956521739 2.1991982397159524
(  0 / 173) loss = 143.3750
this model is saved as VAE_Yahoo_10_64.pt
pos_loss = -0.0005994416424073279, neg_loss = 0.000599416031036526
hit_at_10 is 1110, hit_at_50 is 1973, hit_at_100 is 2275
0.40217391304347827 0.7148550724637681 0.8242753623188406 0.09710144927536232 2.206509147685078
(  0 / 173) loss = 109.8162
this model is saved as VAE_Yahoo_11_64.pt
pos_loss = -0.0006795123335905373, neg_loss = 0.0006795210647396743
hit_at_10 is 1105, hit_at_50 is 1964, hit_at_100 is 2271
0.4003623188405797 0.7115942028985507 0.8228260869565217 0.0931159420289855 2.188275160855728
(  0 / 173) loss = 150.3715
this model is saved as VAE_Yahoo_12_64.pt
pos_loss = -0.0003706646675709635, neg_loss = 0.00037065864307805896
hit_at_10 is 1123, hit_at_50 is 1986, hit_at_100 is 2276
0.4068840579710145 0.7195652173913043 0.8246376811594203 0.1036231884057971 2.1985371888339236
(  0 / 173) loss = 183.7236
this model is saved as VAE_Yahoo_13_64.pt
pos_loss = -0.000612097792327404, neg_loss = 0.0006120969774201512
hit_at_10 is 1103, hit_at_50 is 1986, hit_at_100 is 2274
0.3996376811594203 0.7195652173913043 0.8239130434782609 0.09782608695652174 2.186048048955552
(  0 / 173) loss = 181.2112
this model is saved as VAE_Yahoo_14_64.pt
pos_loss = -0.0005557752447202802, neg_loss = 0.0005557576077990234
hit_at_10 is 1124, hit_at_50 is 1999, hit_at_100 is 2267
0.4072463768115942 0.7242753623188406 0.821376811594203 0.10036231884057971 2.1851745174328716
(  0 / 173) loss = 136.5440
this model is saved as VAE_Yahoo_15_64.pt
pos_loss = -0.0006832524086348712, neg_loss = 0.0006832053186371922
hit_at_10 is 1088, hit_at_50 is 1981, hit_at_100 is 2277
0.39420289855072466 0.7177536231884057 0.825 0.10507246376811594 2.1872284969591744
(  0 / 173) loss = 151.8694
this model is saved as VAE_Yahoo_16_64.pt
pos_loss = -0.00039522204315289855, neg_loss = 0.0003951980033889413
hit_at_10 is 1094, hit_at_50 is 1985, hit_at_100 is 2272
0.3963768115942029 0.7192028985507246 0.8231884057971014 0.10434782608695652 2.210404626097042
(  0 / 173) loss = 113.2827
this model is saved as VAE_Yahoo_17_64.pt
pos_loss = -0.00047504910617135465, neg_loss = 0.00047506223199889064
hit_at_10 is 1117, hit_at_50 is 1968, hit_at_100 is 2265
0.4047101449275362 0.7130434782608696 0.8206521739130435 0.09963768115942029 2.208877913345687
(  0 / 173) loss = 107.9771
this model is saved as VAE_Yahoo_18_64.pt
pos_loss = -0.0005529046757146716, neg_loss = 0.0005529215559363365
hit_at_10 is 1090, hit_at_50 is 1973, hit_at_100 is 2273
0.39492753623188404 0.7148550724637681 0.8235507246376812 0.09492753623188406 2.2380743273020496
(  0 / 173) loss = 97.8694
this model is saved as VAE_Yahoo_19_64.pt
pos_loss = -0.0004948621499352157, neg_loss = 0.0004948996938765049
hit_at_10 is 1136, hit_at_50 is 1970, hit_at_100 is 2264
0.4115942028985507 0.7137681159420289 0.8202898550724638 0.10253623188405797 2.205289351414665
Best hyperparameters: {'learning_rate': 0.0015895162129131932, 'batch_size': 64}
Best metric value: 0.4115942028985507