0
500
1000
1500
2000
2500
3000
3500
 ============ Start explaining Pinterest VAE by lxr ============
From file: VAE_lxr_expl_dict.pkl
User 0, total time: 0.71
User 500, total time: 1.23
User 1000, total time: 0.71
User 1500, total time: 1.26
User 2000, total time: 0.71
User 2500, total time: 1.30
User 3000, total time: 0.71
User 3500, total time: 0.71
this experiment is for /home/amir.reza/counterfactual/CFX-REC/checkpoints/0VAE_Pinterest_2_0_0.0014_128.pt and VAE
users_DEL_lxr:  0.0014333865975208943
users_INS_lxr:  0.002228223327212902
NDCG_lxr:  0.6732990149854029
POS_at_1_lxr:  0.5004390023967158
POS_at_5_lxr:  0.7208656652666049
POS_at_10_lxr:  0.8005979924539047
POS_at_20_lxr:  0.8303789658527324
POS_at_50_lxr:  0.8512612420208348
POS_at_100_lxr:  0.8622481668683705
NEG_at_1_lxr:  0.6135592415936973
NEG_at_5_lxr:  0.8334163878408202
NEG_at_10_lxr:  0.9050093732944163
NEG_at_20_lxr:  0.9248712655133955
NEG_at_50_lxr:  0.9332479058399185
NEG_at_100_lxr:  0.9364751667022614
0.0014333865975208943 0.002228223327212902 0.6732990149854029 0.5004390023967158 0.6135592415936973 0.7208656652666049 0.8334163878408202 0.8005979924539047 0.9050093732944163 0.8303789658527324 0.9248712655133955 0.8512612420208348 0.9332479058399185 0.8622481668683705 0.9364751667022614
 ============ Start explaining Pinterest VAE by lime ============
From file: VAE_lime_expl_dict.pkl
User 0, total time: 0.70
User 500, total time: 1.60
User 1000, total time: 0.92
User 1500, total time: 1.11
User 2000, total time: 1.60
User 2500, total time: 0.96
User 3000, total time: 1.06
User 3500, total time: 1.57
this experiment is for /home/amir.reza/counterfactual/CFX-REC/checkpoints/0VAE_Pinterest_2_0_0.0014_128.pt and VAE
users_DEL_lime:  0.0016005486965870053
users_INS_lime:  0.0020212445600784833
NDCG_lime:  0.7442026990126914
POS_at_1_lime:  0.5767304999881351
POS_at_5_lime:  0.8057473719180845
POS_at_10_lime:  0.8793099356920813
POS_at_20_lime:  0.904748344842315
POS_at_50_lime:  0.9175861987138417
POS_at_100_lime:  0.9228304976151491
NEG_at_1_lime:  0.6429130775254502
NEG_at_5_lime:  0.8489119859519233
NEG_at_10_lime:  0.9089485299352175
NEG_at_20_lime:  0.9254882418547258
NEG_at_50_lime:  0.9325360100614604
NEG_at_100_lime:  0.9350751050046274
0.0016005486965870053 0.0020212445600784833 0.7442026990126914 0.5767304999881351 0.6429130775254502 0.8057473719180845 0.8489119859519233 0.8793099356920813 0.9089485299352175 0.904748344842315 0.9254882418547258 0.9175861987138417 0.9325360100614604 0.9228304976151491 0.9350751050046274
 ============ Start explaining Pinterest VAE by jaccard ============
From file: VAE_jaccard_expl_dict.pkl
User 0, total time: 1.49
User 500, total time: 1.60
User 1000, total time: 0.98
User 1500, total time: 0.92
User 2000, total time: 1.48
User 2500, total time: 1.51
User 3000, total time: 1.05
User 3500, total time: 1.46
this experiment is for /home/amir.reza/counterfactual/CFX-REC/checkpoints/0VAE_Pinterest_2_0_0.0014_128.pt and VAE
users_DEL_jaccard:  0.001430777524354498
users_INS_jaccard:  0.002242221763478665
NDCG_jaccard:  0.6982497381965913
POS_at_1_jaccard:  0.5168363351605325
POS_at_5_jaccard:  0.7516907524738378
POS_at_10_jaccard:  0.8451626681853777
POS_at_20_jaccard:  0.8782895517429581
POS_at_50_jaccard:  0.8974158183241974
POS_at_100_jaccard:  0.9052941316057995
NEG_at_1_jaccard:  0.6683752165349659
NEG_at_5_jaccard:  0.8593768538952564
NEG_at_10_jaccard:  0.914928454474265
NEG_at_20_jaccard:  0.930091834555421
NEG_at_50_jaccard:  0.9350039154267815
NEG_at_100_jaccard:  0.9369497638879002
0.001430777524354498 0.002242221763478665 0.6982497381965913 0.5168363351605325 0.6683752165349659 0.7516907524738378 0.8593768538952564 0.8451626681853777 0.914928454474265 0.8782895517429581 0.930091834555421 0.8974158183241974 0.9350039154267815 0.9052941316057995 0.9369497638879002
 ============ Start explaining Pinterest VAE by cosine ============
From file: VAE_cosine_expl_dict.pkl
User 0, total time: 1.70
User 500, total time: 1.44
User 1000, total time: 1.11
User 1500, total time: 0.98
User 2000, total time: 1.47
User 2500, total time: 1.47
User 3000, total time: 1.00
User 3500, total time: 1.49
this experiment is for /home/amir.reza/counterfactual/CFX-REC/checkpoints/0VAE_Pinterest_2_0_0.0014_128.pt and VAE
users_DEL_cosine:  0.001458069068418299
users_INS_cosine:  0.0022041196745194117
NDCG_cosine:  0.7024146267631837
POS_at_1_cosine:  0.5224603118103509
POS_at_5_cosine:  0.7564841840487886
POS_at_10_cosine:  0.8470847867872143
POS_at_20_cosine:  0.8791912863956717
POS_at_50_cosine:  0.8979853349469638
POS_at_100_cosine:  0.9058161885100021
NEG_at_1_cosine:  0.6635343252414513
NEG_at_5_cosine:  0.8580242519161861
NEG_at_10_cosine:  0.9141216392586792
NEG_at_20_cosine:  0.9296172373697824
NEG_at_50_cosine:  0.9347666168339621
NEG_at_100_cosine:  0.9368073847322086
0.001458069068418299 0.0022041196745194117 0.7024146267631837 0.5224603118103509 0.6635343252414513 0.7564841840487886 0.8580242519161861 0.8470847867872143 0.9141216392586792 0.8791912863956717 0.9296172373697824 0.8979853349469638 0.9347666168339621 0.9058161885100021 0.9368073847322086
 ============ Start explaining Pinterest VAE by shap ============
From file: VAE_shap_expl_dict.pkl
User 0, total time: 1.48
User 500, total time: 1.55
User 1000, total time: 1.08
User 1500, total time: 1.18
User 2000, total time: 1.53
User 2500, total time: 1.60
User 3000, total time: 0.94
User 3500, total time: 1.48
this experiment is for /home/amir.reza/counterfactual/CFX-REC/checkpoints/0VAE_Pinterest_2_0_0.0014_128.pt and VAE
users_DEL_shap:  0.0015110170604615005
users_INS_shap:  0.0021362737037927573
NDCG_shap:  0.7294125189986009
POS_at_1_shap:  0.5527158823948174
POS_at_5_shap:  0.7927196791723026
POS_at_10_shap:  0.8735910396051351
POS_at_20_shap:  0.9016634631356637
POS_at_50_shap:  0.915308132222776
POS_at_100_shap:  0.9223796302887923
NEG_at_1_shap:  0.5685674283951496
NEG_at_5_shap:  0.8006454521724686
NEG_at_10_shap:  0.8760826748297383
NEG_at_20_shap:  0.9038940699081655
NEG_at_50_shap:  0.91744381955815
NEG_at_100_shap:  0.9241119100163736
0.0015110170604615005 0.0021362737037927573 0.7294125189986009 0.5527158823948174 0.5685674283951496 0.7927196791723026 0.8006454521724686 0.8735910396051351 0.8760826748297383 0.9016634631356637 0.9038940699081655 0.915308132222776 0.91744381955815 0.9223796302887923 0.9241119100163736
 ============ Start explaining Pinterest VAE by accent ============
From file: VAE_accent_expl_dict.pkl
User 0, total time: 0.77
User 500, total time: 0.80
User 1000, total time: 1.54
User 1500, total time: 0.88
User 2000, total time: 0.78
User 2500, total time: 0.85
User 3000, total time: 0.74
User 3500, total time: 1.49
this experiment is for /home/amir.reza/counterfactual/CFX-REC/checkpoints/0VAE_Pinterest_2_0_0.0014_128.pt and VAE
users_DEL_accent:  0.0015417472832708692
users_INS_accent:  0.0021123233254565
NDCG_accent:  0.7152783932860334
POS_at_1_accent:  0.5355117344154149
POS_at_5_accent:  0.775539261052182
POS_at_10_accent:  0.8609430246078641
POS_at_20_accent:  0.8934529318241143
POS_at_50_accent:  0.9089959896537814
POS_at_100_accent:  0.9152369426449302
NEG_at_1_accent:  0.6501269547471583
NEG_at_5_accent:  0.8504306969459671
NEG_at_10_accent:  0.9081891744381957
NEG_at_20_accent:  0.9255357015732896
NEG_at_50_accent:  0.9328682280914075
NEG_at_100_accent:  0.9358107306423673
0.0015417472832708692 0.0021123233254565 0.7152783932860334 0.5355117344154149 0.6501269547471583 0.775539261052182 0.8504306969459671 0.8609430246078641 0.9081891744381957 0.8934529318241143 0.9255357015732896 0.9089959896537814 0.9328682280914075 0.9152369426449302 0.9358107306423673
