0
500
1000
1500
2000
2500
3000
3500
 ============ Start explaining Pinterest VAE by lxr ============
From file: VAE_lxr_expl_dict.pkl
User 0, total time: 0.75
User 500, total time: 1.39
User 1000, total time: 0.75
User 1500, total time: 1.36
User 2000, total time: 0.76
User 2500, total time: 1.04
User 3000, total time: 1.02
User 3500, total time: 1.07
this experiment is for /home/amir.reza/counterfactual/CFX-REC/checkpoints/1VAE_Pinterest_2_1_0.0014_128.pt and VAE
users_DEL_lxr:  0.002927050495350758
users_INS_lxr:  0.005039325660242062
NDCG_lxr:  0.6501692560647943
POS_at_1_lxr:  0.4861061673904274
POS_at_5_lxr:  0.6866472081820555
POS_at_10_lxr:  0.7384732208538003
POS_at_20_lxr:  0.7741629292138298
POS_at_50_lxr:  0.8126053012505635
POS_at_100_lxr:  0.8357893737690135
NEG_at_1_lxr:  0.618067914857265
NEG_at_5_lxr:  0.8026624902114331
NEG_at_10_lxr:  0.8372843549037754
NEG_at_20_lxr:  0.8621057877126788
NEG_at_50_lxr:  0.881967679931658
NEG_at_100_lxr:  0.893191903372013
0.002927050495350758 0.005039325660242062 0.6501692560647943 0.4861061673904274 0.618067914857265 0.6866472081820555 0.8026624902114331 0.7384732208538003 0.8372843549037754 0.7741629292138298 0.8621057877126788 0.8126053012505635 0.881967679931658 0.8357893737690135 0.893191903372013
 ============ Start explaining Pinterest VAE by lime ============
From file: VAE_lime_expl_dict.pkl
User 0, total time: 1.62
User 500, total time: 1.02
User 1000, total time: 1.01
User 1500, total time: 1.57
User 2000, total time: 1.01
User 2500, total time: 1.02
User 3000, total time: 1.60
User 3500, total time: 1.54
this experiment is for /home/amir.reza/counterfactual/CFX-REC/checkpoints/1VAE_Pinterest_2_1_0.0014_128.pt and VAE
users_DEL_lime:  0.003274135931372828
users_INS_lime:  0.00463388157949147
NDCG_lime:  0.6868703602720474
POS_at_1_lime:  0.5333760470800408
POS_at_5_lime:  0.7260625044493486
POS_at_10_lime:  0.7711492370850241
POS_at_20_lime:  0.803374385989891
POS_at_50_lime:  0.8337248760114853
POS_at_100_lime:  0.8532545502005173
NEG_at_1_lime:  0.6328990769084739
NEG_at_5_lime:  0.8237108753945088
NEG_at_10_lime:  0.8546071521795876
NEG_at_20_lime:  0.8751572103177427
NEG_at_50_lime:  0.8909375667402292
NEG_at_100_lime:  0.8993616667853159
0.003274135931372828 0.00463388157949147 0.6868703602720474 0.5333760470800408 0.6328990769084739 0.7260625044493486 0.8237108753945088 0.7711492370850241 0.8546071521795876 0.803374385989891 0.8751572103177427 0.8337248760114853 0.8909375667402292 0.8532545502005173 0.8993616667853159
 ============ Start explaining Pinterest VAE by jaccard ============
From file: VAE_jaccard_expl_dict.pkl
User 0, total time: 1.66
User 500, total time: 1.01
User 1000, total time: 1.02
User 1500, total time: 1.59
User 2000, total time: 1.04
User 2500, total time: 1.19
User 3000, total time: 1.56
User 3500, total time: 1.60
this experiment is for /home/amir.reza/counterfactual/CFX-REC/checkpoints/1VAE_Pinterest_2_1_0.0014_128.pt and VAE
users_DEL_jaccard:  0.002911674162916792
users_INS_jaccard:  0.005085451040808354
NDCG_jaccard:  0.623760414376078
POS_at_1_jaccard:  0.46244749768633875
POS_at_5_jaccard:  0.6495811679836738
POS_at_10_jaccard:  0.6996511710685556
POS_at_20_jaccard:  0.7403716095963552
POS_at_50_jaccard:  0.7807835599534895
POS_at_100_jaccard:  0.8091170119361192
NEG_at_1_jaccard:  0.6272988301179374
NEG_at_5_jaccard:  0.818964903538122
NEG_at_10_jaccard:  0.8538240668232837
NEG_at_20_jaccard:  0.8762250539854299
NEG_at_50_jaccard:  0.8928834152013478
NEG_at_100_jaccard:  0.9006193493272585
0.002911674162916792 0.005085451040808354 0.623760414376078 0.46244749768633875 0.6272988301179374 0.6495811679836738 0.818964903538122 0.6996511710685556 0.8538240668232837 0.7403716095963552 0.8762250539854299 0.7807835599534895 0.8928834152013478 0.8091170119361192 0.9006193493272585
 ============ Start explaining Pinterest VAE by cosine ============
From file: VAE_cosine_expl_dict.pkl
User 0, total time: 1.59
User 500, total time: 1.16
User 1000, total time: 1.00
User 1500, total time: 1.54
User 2000, total time: 1.56
User 2500, total time: 1.04
User 3000, total time: 1.53
User 3500, total time: 1.29
this experiment is for /home/amir.reza/counterfactual/CFX-REC/checkpoints/1VAE_Pinterest_2_1_0.0014_128.pt and VAE
users_DEL_cosine:  0.0029343380614718115
users_INS_cosine:  0.005052109812826734
NDCG_cosine:  0.6230504604863177
POS_at_1_cosine:  0.46121354500367817
POS_at_5_cosine:  0.6486082437531145
POS_at_10_cosine:  0.6983697586673311
POS_at_20_cosine:  0.7401105811442539
POS_at_50_cosine:  0.780617450938516
POS_at_100_cosine:  0.8091644716546831
NEG_at_1_cosine:  0.6237156213663653
NEG_at_5_cosine:  0.8153105052087041
NEG_at_10_cosine:  0.8518307586436012
NEG_at_20_cosine:  0.8748012624285139
NEG_at_50_cosine:  0.8919104909707886
NEG_at_100_cosine:  0.900097292423056
0.0029343380614718115 0.005052109812826734 0.6230504604863177 0.46121354500367817 0.6237156213663653 0.6486082437531145 0.8153105052087041 0.6983697586673311 0.8518307586436012 0.7401105811442539 0.8748012624285139 0.780617450938516 0.8919104909707886 0.8091644716546831 0.900097292423056
 ============ Start explaining Pinterest VAE by shap ============
From file: VAE_shap_expl_dict.pkl
User 0, total time: 1.33
User 500, total time: 0.84
User 1000, total time: 0.85
User 1500, total time: 1.17
User 2000, total time: 1.19
User 2500, total time: 0.83
User 3000, total time: 1.20
User 3500, total time: 1.20
this experiment is for /home/amir.reza/counterfactual/CFX-REC/checkpoints/1VAE_Pinterest_2_1_0.0014_128.pt and VAE
users_DEL_shap:  0.003617350538137721
users_INS_shap:  0.0042519117268724335
NDCG_shap:  0.6914293300486413
POS_at_1_shap:  0.5372202842837142
POS_at_5_shap:  0.7326831351890084
POS_at_10_shap:  0.7772478109204812
POS_at_20_shap:  0.808452575876225
POS_at_50_shap:  0.8375691132151586
POS_at_100_shap:  0.8583564699461332
NEG_at_1_shap:  0.5577228827033055
NEG_at_5_shap:  0.7432429225694692
NEG_at_10_shap:  0.7841769298308061
NEG_at_20_shap:  0.8141714719631712
NEG_at_50_shap:  0.8423388149308274
NEG_at_100_shap:  0.8596853420659215
0.003617350538137721 0.0042519117268724335 0.6914293300486413 0.5372202842837142 0.5577228827033055 0.7326831351890084 0.7432429225694692 0.7772478109204812 0.7841769298308061 0.808452575876225 0.8141714719631712 0.8375691132151586 0.8423388149308274 0.8583564699461332 0.8596853420659215
 ============ Start explaining Pinterest VAE by accent ============
From file: VAE_accent_expl_dict.pkl
User 0, total time: 0.67
User 500, total time: 1.26
User 1000, total time: 0.67
User 1500, total time: 0.66
User 2000, total time: 0.66
User 2500, total time: 0.67
User 3000, total time: 1.28
User 3500, total time: 0.67
this experiment is for /home/amir.reza/counterfactual/CFX-REC/checkpoints/1VAE_Pinterest_2_1_0.0014_128.pt and VAE
users_DEL_accent:  0.00297806598835494
users_INS_accent:  0.005019287919418353
NDCG_accent:  0.6216305864003377
POS_at_1_accent:  0.4569659001922119
POS_at_5_accent:  0.6495811679836738
POS_at_10_accent:  0.7006478251583967
POS_at_20_accent:  0.7414869129826059
POS_at_50_accent:  0.7843193089864977
POS_at_100_accent:  0.8107069125080089
NEG_at_1_accent:  0.5931041028926698
NEG_at_5_accent:  0.7940722811513727
NEG_at_10_accent:  0.8338672551671769
NEG_at_20_accent:  0.862793953631855
NEG_at_50_accent:  0.8847915331862082
NEG_at_100_accent:  0.8957784580337438
0.00297806598835494 0.005019287919418353 0.6216305864003377 0.4569659001922119 0.5931041028926698 0.6495811679836738 0.7940722811513727 0.7006478251583967 0.8338672551671769 0.7414869129826059 0.862793953631855 0.7843193089864977 0.8847915331862082 0.8107069125080089 0.8957784580337438
