0
500
1000
1500
2000
2500
3000
3500
 ============ Start explaining Pinterest VAE by lxr ============
From file: VAE_lxr_expl_dict.pkl
User 0, total time: 0.91
User 500, total time: 1.63
User 1000, total time: 0.84
User 1500, total time: 1.59
User 2000, total time: 1.02
User 2500, total time: 0.86
User 3000, total time: 0.86
User 3500, total time: 0.74
this experiment is for /home/amir.reza/counterfactual/CFX-REC/checkpoints/3VAE_Pinterest_2_3_0.0014_128.pt and VAE
users_DEL_lxr:  0.00412618440047886
users_INS_lxr:  0.007488979368368713
NDCG_lxr:  0.5920558700475513
POS_at_1_lxr:  0.4053059965354405
POS_at_5_lxr:  0.6230749151657531
POS_at_10_lxr:  0.6879048907239981
POS_at_20_lxr:  0.7405377186113287
POS_at_50_lxr:  0.7906314515554923
POS_at_100_lxr:  0.8224769227118484
NEG_at_1_lxr:  0.5269927149332004
NEG_at_5_lxr:  0.7510975059917895
NEG_at_10_lxr:  0.8027099499299969
NEG_at_20_lxr:  0.8406302650625281
NEG_at_50_lxr:  0.870079020431409
NEG_at_100_lxr:  0.8869034906623003
0.00412618440047886 0.007488979368368713 0.5920558700475513 0.4053059965354405 0.5269927149332004 0.6230749151657531 0.7510975059917895 0.6879048907239981 0.8027099499299969 0.7405377186113287 0.8406302650625281 0.7906314515554923 0.870079020431409 0.8224769227118484 0.8869034906623003
 ============ Start explaining Pinterest VAE by lime ============
From file: VAE_lime_expl_dict.pkl
User 0, total time: 1.32
User 500, total time: 0.82
User 1000, total time: 1.22
User 1500, total time: 1.19
User 2000, total time: 0.81
User 2500, total time: 0.81
User 3000, total time: 1.30
User 3500, total time: 1.23
this experiment is for /home/amir.reza/counterfactual/CFX-REC/checkpoints/3VAE_Pinterest_2_3_0.0014_128.pt and VAE
users_DEL_lime:  0.004345458262838156
users_INS_lime:  0.0073735558000327436
NDCG_lime:  0.568861639148042
POS_at_1_lime:  0.37419615101682446
POS_at_5_lime:  0.6008874967371444
POS_at_10_lime:  0.6675684013193802
POS_at_20_lime:  0.722336916542085
POS_at_50_lime:  0.7748036354144421
POS_at_100_lime:  0.8099950167295508
NEG_at_1_lime:  0.636814503689993
NEG_at_5_lime:  0.8388505256163831
NEG_at_10_lime:  0.8702688593056643
NEG_at_20_lime:  0.8911274056144848
NEG_at_50_lime:  0.9029448755368881
NEG_at_100_lime:  0.9107519992406444
0.004345458262838156 0.0073735558000327436 0.568861639148042 0.37419615101682446 0.636814503689993 0.6008874967371444 0.8388505256163831 0.6675684013193802 0.8702688593056643 0.722336916542085 0.8911274056144848 0.7748036354144421 0.9029448755368881 0.8099950167295508 0.9107519992406444
 ============ Start explaining Pinterest VAE by jaccard ============
From file: VAE_jaccard_expl_dict.pkl
User 0, total time: 1.29
User 500, total time: 0.84
User 1000, total time: 1.31
User 1500, total time: 1.30
User 2000, total time: 0.83
User 2500, total time: 0.74
User 3000, total time: 1.27
User 3500, total time: 1.30
this experiment is for /home/amir.reza/counterfactual/CFX-REC/checkpoints/3VAE_Pinterest_2_3_0.0014_128.pt and VAE
users_DEL_jaccard:  0.003958940525767613
users_INS_jaccard:  0.00785649898931934
NDCG_jaccard:  0.5144704507346444
POS_at_1_jaccard:  0.32051920932108874
POS_at_5_jaccard:  0.5254028143613109
POS_at_10_jaccard:  0.5947177333238414
POS_at_20_jaccard:  0.6550627654778007
POS_at_50_jaccard:  0.7192520348354334
POS_at_100_jaccard:  0.765003203531003
NEG_at_1_jaccard:  0.6211290667046344
NEG_at_5_jaccard:  0.8372606250444935
NEG_at_10_jaccard:  0.8742554756650294
NEG_at_20_jaccard:  0.8964903538122019
NEG_at_50_jaccard:  0.9066467335848699
NEG_at_100_jaccard:  0.9129826060131463
0.003958940525767613 0.00785649898931934 0.5144704507346444 0.32051920932108874 0.6211290667046344 0.5254028143613109 0.8372606250444935 0.5947177333238414 0.8742554756650294 0.6550627654778007 0.8964903538122019 0.7192520348354334 0.9066467335848699 0.765003203531003 0.9129826060131463
 ============ Start explaining Pinterest VAE by cosine ============
From file: VAE_cosine_expl_dict.pkl
User 0, total time: 1.20
User 500, total time: 0.84
User 1000, total time: 0.73
User 1500, total time: 1.19
User 2000, total time: 1.19
User 2500, total time: 0.74
User 3000, total time: 1.19
User 3500, total time: 1.17
this experiment is for /home/amir.reza/counterfactual/CFX-REC/checkpoints/3VAE_Pinterest_2_3_0.0014_128.pt and VAE
users_DEL_cosine:  0.003967750618214696
users_INS_cosine:  0.007842339698166195
NDCG_cosine:  0.5104637426828934
POS_at_1_cosine:  0.3163664839467502
POS_at_5_cosine:  0.5198737571486202
POS_at_10_cosine:  0.5889513775183314
POS_at_20_cosine:  0.6505778220735151
POS_at_50_cosine:  0.7160010441138084
POS_at_100_cosine:  0.7629387057734748
NEG_at_1_cosine:  0.6236207019292376
NEG_at_5_cosine:  0.8385183075864361
NEG_at_10_cosine:  0.8748249922877958
NEG_at_20_cosine:  0.8968937614199948
NEG_at_50_cosine:  0.9066941933034337
NEG_at_100_cosine:  0.9128639567167366
0.003967750618214696 0.007842339698166195 0.5104637426828934 0.3163664839467502 0.6236207019292376 0.5198737571486202 0.8385183075864361 0.5889513775183314 0.8748249922877958 0.6505778220735151 0.8968937614199948 0.7160010441138084 0.9066941933034337 0.7629387057734748 0.9128639567167366
 ============ Start explaining Pinterest VAE by shap ============
From file: VAE_shap_expl_dict.pkl
User 0, total time: 1.18
User 500, total time: 0.73
User 1000, total time: 0.72
User 1500, total time: 1.17
User 2000, total time: 1.15
User 2500, total time: 0.72
User 3000, total time: 1.18
User 3500, total time: 1.18
this experiment is for /home/amir.reza/counterfactual/CFX-REC/checkpoints/3VAE_Pinterest_2_3_0.0014_128.pt and VAE
users_DEL_shap:  0.005354890840264937
users_INS_shap:  0.0060666204884616765
NDCG_shap:  0.6502777613546149
POS_at_1_shap:  0.4722479295697777
POS_at_5_shap:  0.6942882228708385
POS_at_10_shap:  0.7510975059917895
POS_at_20_shap:  0.7945706081962934
POS_at_50_shap:  0.8331316295294369
POS_at_100_shap:  0.8584988491018248
NEG_at_1_shap:  0.4784414228423626
NEG_at_5_shap:  0.6958069338648821
NEG_at_10_shap:  0.7516195628959921
NEG_at_20_shap:  0.7953299636933153
NEG_at_50_shap:  0.8332028191072827
NEG_at_100_shap:  0.857027597826345
0.005354890840264937 0.0060666204884616765 0.6502777613546149 0.4722479295697777 0.4784414228423626 0.6942882228708385 0.6958069338648821 0.7510975059917895 0.7516195628959921 0.7945706081962934 0.7953299636933153 0.8331316295294369 0.8332028191072827 0.8584988491018248 0.857027597826345
 ============ Start explaining Pinterest VAE by accent ============
From file: VAE_accent_expl_dict.pkl
User 0, total time: 0.80
User 500, total time: 1.53
User 1000, total time: 0.80
User 1500, total time: 1.54
User 2000, total time: 1.10
User 2500, total time: 1.04
User 3000, total time: 1.90
User 3500, total time: 1.02
this experiment is for /home/amir.reza/counterfactual/CFX-REC/checkpoints/3VAE_Pinterest_2_3_0.0014_128.pt and VAE
users_DEL_accent:  0.003659182249315916
users_INS_accent:  0.008294603562627062
NDCG_accent:  0.4887902329453459
POS_at_1_accent:  0.3180275740964856
POS_at_5_accent:  0.47504805296504593
POS_at_10_accent:  0.5314064687596403
POS_at_20_accent:  0.5862936332787546
POS_at_50_accent:  0.6533067558909376
POS_at_100_accent:  0.706414180963907
NEG_at_1_accent:  0.4281341211646615
NEG_at_5_accent:  0.7260862343086305
NEG_at_10_accent:  0.7984385752592488
NEG_at_20_accent:  0.8498374504639187
NEG_at_50_accent:  0.8831304430364728
NEG_at_100_accent:  0.9008329180607959
0.003659182249315916 0.008294603562627062 0.4887902329453459 0.3180275740964856 0.4281341211646615 0.47504805296504593 0.7260862343086305 0.5314064687596403 0.7984385752592488 0.5862936332787546 0.8498374504639187 0.6533067558909376 0.8831304430364728 0.706414180963907 0.9008329180607959
