0
500
1000
1500
2000
2500
3000
3500
 ============ Start explaining Pinterest VAE by lxr ============
From file: VAE_lxr_expl_dict.pkl
User 0, total time: 0.70
User 500, total time: 1.24
User 1000, total time: 0.70
User 1500, total time: 1.20
User 2000, total time: 0.70
User 2500, total time: 1.23
User 3000, total time: 0.71
User 3500, total time: 0.70
this experiment is for /home/amir.reza/counterfactual/CFX-REC/checkpoints/0VAE_Pinterest_2_0_0.0014_128.pt and VAE
users_DEL_lxr:  0.0014333865975208943
users_INS_lxr:  0.002228223327212902
NDCG_lxr:  0.6732990149854029
POS_at_1_lxr:  0.5004390023967158
POS_at_5_lxr:  0.7208656652666049
POS_at_10_lxr:  0.8005979924539047
POS_at_20_lxr:  0.8303789658527324
POS_at_50_lxr:  0.8512612420208348
POS_at_100_lxr:  0.8622481668683705
NEG_at_1_lxr:  0.6135592415936973
NEG_at_5_lxr:  0.8334163878408202
NEG_at_10_lxr:  0.9050093732944163
NEG_at_20_lxr:  0.9248712655133955
NEG_at_50_lxr:  0.9332479058399185
NEG_at_100_lxr:  0.9364751667022614
0.0014333865975208943 0.002228223327212902 0.6732990149854029 0.5004390023967158 0.6135592415936973 0.7208656652666049 0.8334163878408202 0.8005979924539047 0.9050093732944163 0.8303789658527324 0.9248712655133955 0.8512612420208348 0.9332479058399185 0.8622481668683705 0.9364751667022614
 ============ Start explaining Pinterest VAE by lime ============
From file: VAE_lime_expl_dict.pkl
User 0, total time: 0.69
User 500, total time: 1.06
User 1000, total time: 0.69
User 1500, total time: 0.69
User 2000, total time: 1.05
User 2500, total time: 0.69
User 3000, total time: 0.69
User 3500, total time: 1.05
this experiment is for /home/amir.reza/counterfactual/CFX-REC/checkpoints/0VAE_Pinterest_2_0_0.0014_128.pt and VAE
users_DEL_lime:  0.0013745761917513847
users_INS_lime:  0.0023291497620480683
NDCG_lime:  0.6877035593999807
POS_at_1_lime:  0.5017204147979403
POS_at_5_lime:  0.744737903704231
POS_at_10_lime:  0.8395149616762773
POS_at_20_lime:  0.8744927742578487
POS_at_50_lime:  0.8946156949289291
POS_at_100_lime:  0.9029448755368881
NEG_at_1_lime:  0.6807622030801357
NEG_at_5_lime:  0.8742080159464655
NEG_at_10_lime:  0.9212405970432596
NEG_at_20_lime:  0.9331292565435088
NEG_at_50_lime:  0.9372819819178472
NEG_at_100_lime:  0.9386108540376356
0.0013745761917513847 0.0023291497620480683 0.6877035593999807 0.5017204147979403 0.6807622030801357 0.744737903704231 0.8742080159464655 0.8395149616762773 0.9212405970432596 0.8744927742578487 0.9331292565435088 0.8946156949289291 0.9372819819178472 0.9029448755368881 0.9386108540376356
 ============ Start explaining Pinterest VAE by jaccard ============
From file: VAE_jaccard_expl_dict.pkl
User 0, total time: 1.06
User 500, total time: 1.06
User 1000, total time: 0.70
User 1500, total time: 0.71
User 2000, total time: 1.06
User 2500, total time: 1.07
User 3000, total time: 0.70
User 3500, total time: 1.06
this experiment is for /home/amir.reza/counterfactual/CFX-REC/checkpoints/0VAE_Pinterest_2_0_0.0014_128.pt and VAE
users_DEL_jaccard:  0.001378764937562845
users_INS_jaccard:  0.0023183362513438093
NDCG_jaccard:  0.6956038226809463
POS_at_1_jaccard:  0.5125412306305024
POS_at_5_jaccard:  0.7536128710756745
POS_at_10_jaccard:  0.8445931515626112
POS_at_20_jaccard:  0.8789539878028524
POS_at_50_jaccard:  0.8973446287463515
POS_at_100_jaccard:  0.9056026197764647
NEG_at_1_jaccard:  0.681402909280748
NEG_at_5_jaccard:  0.8672077074582948
NEG_at_10_jaccard:  0.9155454308155953
NEG_at_20_jaccard:  0.9301155644147031
NEG_at_50_jaccard:  0.934790346693244
NEG_at_100_jaccard:  0.9361904083908782
0.001378764937562845 0.0023183362513438093 0.6956038226809463 0.5125412306305024 0.681402909280748 0.7536128710756745 0.8672077074582948 0.8445931515626112 0.9155454308155953 0.8789539878028524 0.9301155644147031 0.8973446287463515 0.934790346693244 0.9056026197764647 0.9361904083908782
 ============ Start explaining Pinterest VAE by cosine ============
From file: VAE_cosine_expl_dict.pkl
User 0, total time: 0.71
User 500, total time: 1.07
User 1000, total time: 1.07
User 1500, total time: 0.71
User 2000, total time: 1.07
User 2500, total time: 1.08
User 3000, total time: 0.70
User 3500, total time: 1.07
this experiment is for /home/amir.reza/counterfactual/CFX-REC/checkpoints/0VAE_Pinterest_2_0_0.0014_128.pt and VAE
users_DEL_cosine:  0.001403013016979572
users_INS_cosine:  0.00228168116150842
NDCG_cosine:  0.6982359277207657
POS_at_1_cosine:  0.5164329275527396
POS_at_5_cosine:  0.755606179255357
POS_at_10_cosine:  0.8454711563560429
POS_at_20_cosine:  0.8795472342849007
POS_at_50_cosine:  0.8977243064948625
POS_at_100_cosine:  0.9056975392135924
NEG_at_1_cosine:  0.6791723025082461
NEG_at_5_cosine:  0.8669941387247574
NEG_at_10_cosine:  0.9150945634892385
NEG_at_20_cosine:  0.9299494553997294
NEG_at_50_cosine:  0.9347428869746802
NEG_at_100_cosine:  0.9362141382501602
0.001403013016979572 0.00228168116150842 0.6982359277207657 0.5164329275527396 0.6791723025082461 0.755606179255357 0.8669941387247574 0.8454711563560429 0.9150945634892385 0.8795472342849007 0.9299494553997294 0.8977243064948625 0.9347428869746802 0.9056975392135924 0.9362141382501602
 ============ Start explaining Pinterest VAE by shap ============
From file: VAE_shap_expl_dict.pkl
User 0, total time: 0.70
User 500, total time: 1.05
User 1000, total time: 1.05
User 1500, total time: 0.70
User 2000, total time: 1.06
User 2500, total time: 1.04
User 3000, total time: 0.70
User 3500, total time: 0.69
this experiment is for /home/amir.reza/counterfactual/CFX-REC/checkpoints/0VAE_Pinterest_2_0_0.0014_128.pt and VAE
users_DEL_shap:  0.0015110170604615005
users_INS_shap:  0.0021362737037927573
NDCG_shap:  0.7294125189986009
POS_at_1_shap:  0.5527158823948174
POS_at_5_shap:  0.7927196791723026
POS_at_10_shap:  0.8735910396051351
POS_at_20_shap:  0.9016634631356637
POS_at_50_shap:  0.915308132222776
POS_at_100_shap:  0.9223796302887923
NEG_at_1_shap:  0.5685674283951496
NEG_at_5_shap:  0.8006454521724686
NEG_at_10_shap:  0.8760826748297383
NEG_at_20_shap:  0.9038940699081655
NEG_at_50_shap:  0.91744381955815
NEG_at_100_shap:  0.9241119100163736
0.0015110170604615005 0.0021362737037927573 0.7294125189986009 0.5527158823948174 0.5685674283951496 0.7927196791723026 0.8006454521724686 0.8735910396051351 0.8760826748297383 0.9016634631356637 0.9038940699081655 0.915308132222776 0.91744381955815 0.9223796302887923 0.9241119100163736
 ============ Start explaining Pinterest VAE by accent ============
From file: VAE_accent_expl_dict.pkl
User 0, total time: 1.12
User 500, total time: 0.64
User 1000, total time: 1.15
User 1500, total time: 0.64
User 2000, total time: 1.14
User 2500, total time: 0.63
User 3000, total time: 0.64
User 3500, total time: 0.64
this experiment is for /home/amir.reza/counterfactual/CFX-REC/checkpoints/0VAE_Pinterest_2_0_0.0014_128.pt and VAE
users_DEL_accent:  0.0011240520957348026
users_INS_accent:  0.0028077956038710366
NDCG_accent:  0.6014803730674322
POS_at_1_accent:  0.4026719821551458
POS_at_5_accent:  0.6384044042618827
POS_at_10_accent:  0.747253268788116
POS_at_20_accent:  0.7971097031394603
POS_at_50_accent:  0.8328468712180537
POS_at_100_accent:  0.8503120476495575
NEG_at_1_accent:  0.6345364371989274
NEG_at_5_accent:  0.8442609335326642
NEG_at_10_accent:  0.904083908782421
NEG_at_20_accent:  0.9278374979236373
NEG_at_50_accent:  0.9346005078189886
NEG_at_100_accent:  0.9372819819178472
0.0011240520957348026 0.0028077956038710366 0.6014803730674322 0.4026719821551458 0.6345364371989274 0.6384044042618827 0.8442609335326642 0.747253268788116 0.904083908782421 0.7971097031394603 0.9278374979236373 0.8328468712180537 0.9346005078189886 0.8503120476495575 0.9372819819178472
