 ============ Start explaining ML1M VAE by lxr ============
From file: VAE_lxr_expl_dict.pkl
User 0, total time: 0.28
User 500, total time: 0.27
User 1000, total time: 0.27
this experiment is for /home/amir.reza/counterfactual/CFX-REC/checkpoints/VAE_ML1M_6.pt and VAE
users_DEL_lxr:  0.007797117934654355
users_INS_lxr:  0.014064500520695047
NDCG_lxr:  0.5805566450676274
POS_at_1_lxr:  0.3698073449729079
POS_at_5_lxr:  0.6047561709813365
POS_at_10_lxr:  0.6967940999397954
POS_at_20_lxr:  0.7769416014449126
POS_at_50_lxr:  0.8641631547260687
POS_at_100_lxr:  0.9153371462974113
NEG_at_1_lxr:  0.3602498494882601
NEG_at_5_lxr:  0.5896297411198074
NEG_at_10_lxr:  0.6757977122215533
NEG_at_20_lxr:  0.7615894039735099
NEG_at_50_lxr:  0.8567128236002409
NEG_at_100_lxr:  0.9112733293196869
0.007797117934654355 0.014064500520695047 0.5805566450676274 0.3698073449729079 0.3602498494882601 0.6047561709813365 0.5896297411198074 0.6967940999397954 0.6757977122215533 0.7769416014449126 0.7615894039735099 0.8641631547260687 0.8567128236002409 0.9153371462974113 0.9112733293196869
 ============ Start explaining ML1M VAE by lime ============
From file: VAE_lime_expl_dict.pkl
User 0, total time: 0.27
User 500, total time: 0.26
User 1000, total time: 0.26
this experiment is for /home/amir.reza/counterfactual/CFX-REC/checkpoints/VAE_ML1M_6.pt and VAE
users_DEL_lime:  0.007793842027770678
users_INS_lime:  0.015551583270927245
NDCG_lime:  0.5315903336026138
POS_at_1_lime:  0.30990367248645395
POS_at_5_lime:  0.5400361228175797
POS_at_10_lime:  0.6447922937989163
POS_at_20_lime:  0.7372817579771223
POS_at_50_lime:  0.8390276941601444
POS_at_100_lime:  0.9023931366646598
NEG_at_1_lime:  0.6107766405779651
NEG_at_5_lime:  0.8336092715231788
NEG_at_10_lime:  0.8779349789283564
NEG_at_20_lime:  0.9129289584587598
NEG_at_50_lime:  0.9423540036122817
NEG_at_100_lime:  0.9619957856712823
0.007793842027770678 0.015551583270927245 0.5315903336026138 0.30990367248645395 0.6107766405779651 0.5400361228175797 0.8336092715231788 0.6447922937989163 0.8779349789283564 0.7372817579771223 0.9129289584587598 0.8390276941601444 0.9423540036122817 0.9023931366646598 0.9619957856712823
 ============ Start explaining ML1M VAE by jaccard ============
From file: VAE_jaccard_expl_dict.pkl
User 0, total time: 0.27
User 500, total time: 0.27
User 1000, total time: 0.26
this experiment is for /home/amir.reza/counterfactual/CFX-REC/checkpoints/VAE_ML1M_6.pt and VAE
users_DEL_jaccard:  0.006692064669741681
users_INS_jaccard:  0.018716388349894184
NDCG_jaccard:  0.4624941833631272
POS_at_1_jaccard:  0.2432269717037929
POS_at_5_jaccard:  0.44792293798916316
POS_at_10_jaccard:  0.5475617098133655
POS_at_20_jaccard:  0.6483293196869355
POS_at_50_jaccard:  0.7642986152919927
POS_at_100_jaccard:  0.842940999397953
NEG_at_1_jaccard:  0.5815773630343166
NEG_at_5_jaccard:  0.8425647200481639
NEG_at_10_jaccard:  0.8920078266104756
NEG_at_20_jaccard:  0.9239915713425648
NEG_at_50_jaccard:  0.9479981938591211
NEG_at_100_jaccard:  0.9647049969897651
0.006692064669741681 0.018716388349894184 0.4624941833631272 0.2432269717037929 0.5815773630343166 0.44792293798916316 0.8425647200481639 0.5475617098133655 0.8920078266104756 0.6483293196869355 0.9239915713425648 0.7642986152919927 0.9479981938591211 0.842940999397953 0.9647049969897651
 ============ Start explaining ML1M VAE by cosine ============
From file: VAE_cosine_expl_dict.pkl
User 0, total time: 0.27
User 500, total time: 0.27
User 1000, total time: 0.26
this experiment is for /home/amir.reza/counterfactual/CFX-REC/checkpoints/VAE_ML1M_6.pt and VAE
users_DEL_cosine:  0.006587845938069557
users_INS_cosine:  0.019002179983481592
NDCG_cosine:  0.4513265883778813
POS_at_1_cosine:  0.23502408187838653
POS_at_5_cosine:  0.43068934376881396
POS_at_10_cosine:  0.5270168573148706
POS_at_20_cosine:  0.6246237206502107
POS_at_50_cosine:  0.7449578567128236
POS_at_100_cosine:  0.8289434075857917
NEG_at_1_cosine:  0.5930915111378688
NEG_at_5_cosine:  0.8412853702588802
NEG_at_10_cosine:  0.8886965683323299
NEG_at_20_cosine:  0.9212823600240819
NEG_at_50_cosine:  0.9473208910295002
NEG_at_100_cosine:  0.964253461770018
0.006587845938069557 0.019002179983481592 0.4513265883778813 0.23502408187838653 0.5930915111378688 0.43068934376881396 0.8412853702588802 0.5270168573148706 0.8886965683323299 0.6246237206502107 0.9212823600240819 0.7449578567128236 0.9473208910295002 0.8289434075857917 0.964253461770018
 ============ Start explaining ML1M VAE by shap ============
From file: VAE_shap_expl_dict.pkl
User 0, total time: 0.26
User 500, total time: 0.27
User 1000, total time: 0.26
this experiment is for /home/amir.reza/counterfactual/CFX-REC/checkpoints/VAE_ML1M_6.pt and VAE
users_DEL_shap:  0.009872274368125938
users_INS_shap:  0.011859955217182283
NDCG_shap:  0.6259890302992159
POS_at_1_shap:  0.41270319084888624
POS_at_5_shap:  0.6709060806742926
POS_at_10_shap:  0.7579771222155328
POS_at_20_shap:  0.8307495484647802
POS_at_50_shap:  0.8964479229379892
POS_at_100_shap:  0.9355057194461167
NEG_at_1_shap:  0.3671733895243829
NEG_at_5_shap:  0.6070891029500302
NEG_at_10_shap:  0.7014599638771825
NEG_at_20_shap:  0.7834888621312462
NEG_at_50_shap:  0.864012642986153
NEG_at_100_shap:  0.914434075857917
0.009872274368125938 0.011859955217182283 0.6259890302992159 0.41270319084888624 0.3671733895243829 0.6709060806742926 0.6070891029500302 0.7579771222155328 0.7014599638771825 0.8307495484647802 0.7834888621312462 0.8964479229379892 0.864012642986153 0.9355057194461167 0.914434075857917
 ============ Start explaining ML1M VAE by accent ============
From file: VAE_accent_expl_dict.pkl
User 0, total time: 0.26
User 500, total time: 0.56
User 1000, total time: 0.26
this experiment is for /home/amir.reza/counterfactual/CFX-REC/checkpoints/VAE_ML1M_6.pt and VAE
users_DEL_accent:  0.006614610754131054
users_INS_accent:  0.01770963941179449
NDCG_accent:  0.5304838098257035
POS_at_1_accent:  0.3381246237206502
POS_at_5_accent:  0.5155779650812764
POS_at_10_accent:  0.5976068633353401
POS_at_20_accent:  0.6868603251053582
POS_at_50_accent:  0.793573148705599
POS_at_100_accent:  0.8675496688741722
NEG_at_1_accent:  0.31938591210114387
NEG_at_5_accent:  0.6689494280553884
NEG_at_10_accent:  0.7846929560505719
NEG_at_20_accent:  0.8625827814569537
NEG_at_50_accent:  0.9252709211318483
NEG_at_100_accent:  0.9558248043347382
0.006614610754131054 0.01770963941179449 0.5304838098257035 0.3381246237206502 0.31938591210114387 0.5155779650812764 0.6689494280553884 0.5976068633353401 0.7846929560505719 0.6868603251053582 0.8625827814569537 0.793573148705599 0.9252709211318483 0.8675496688741722 0.9558248043347382