0
500
1000
 ============ Start explaining ML1M VAE by lxr ============
From file: VAE_lxr_expl_dict.pkl
User 0, total time: 0.26
User 500, total time: 0.28
User 1000, total time: 0.28
this experiment is for /home/amir.reza/counterfactual/CFX-REC/checkpoints/VAE_ML1M_0.pt and VAE
users_DEL_lxr:  0.0029189734516330487
users_INS_lxr:  0.01069560210085825
NDCG_lxr:  0.5641488575935588
POS_at_1_lxr:  0.3475316074653823
POS_at_5_lxr:  0.5872968091511138
POS_at_10_lxr:  0.6863335340156532
POS_at_20_lxr:  0.7736303431667669
POS_at_50_lxr:  0.8549066827212523
POS_at_100_lxr:  0.8969747140276941
NEG_at_1_lxr:  0.6500602046959663
NEG_at_5_lxr:  0.8783112582781457
NEG_at_10_lxr:  0.927077062010837
NEG_at_20_lxr:  0.9551475015051174
NEG_at_50_lxr:  0.9736604455147502
NEG_at_100_lxr:  0.9826911499096929
0.0029189734516330487 0.01069560210085825 0.5641488575935588 0.3475316074653823 0.6500602046959663 0.5872968091511138 0.8783112582781457 0.6863335340156532 0.927077062010837 0.7736303431667669 0.9551475015051174 0.8549066827212523 0.9736604455147502 0.8969747140276941 0.9826911499096929
 ============ Start explaining ML1M VAE by lime ============
From file: VAE_lime_expl_dict.pkl
User 0, total time: 0.29
User 500, total time: 0.28
User 1000, total time: 0.29
this experiment is for /home/amir.reza/counterfactual/CFX-REC/checkpoints/VAE_ML1M_0.pt and VAE
users_DEL_lime:  0.0037323978883328974
users_INS_lime:  0.007137909296073072
NDCG_lime:  0.6559944058830689
POS_at_1_lime:  0.4412251655629139
POS_at_5_lime:  0.7114689945815774
POS_at_10_lime:  0.8090758579169175
POS_at_20_lime:  0.8808699578567127
POS_at_50_lime:  0.9355057194461167
POS_at_100_lime:  0.9615442504515351
NEG_at_1_lime:  0.7277995183624322
NEG_at_5_lime:  0.9163907284768212
NEG_at_10_lime:  0.9489012642986153
NEG_at_20_lime:  0.9670379289584589
NEG_at_50_lime:  0.9781005418422637
NEG_at_100_lime:  0.9849488260084286
0.0037323978883328974 0.007137909296073072 0.6559944058830689 0.4412251655629139 0.7277995183624322 0.7114689945815774 0.9163907284768212 0.8090758579169175 0.9489012642986153 0.8808699578567127 0.9670379289584589 0.9355057194461167 0.9781005418422637 0.9615442504515351 0.9849488260084286
 ============ Start explaining ML1M VAE by jaccard ============
From file: VAE_jaccard_expl_dict.pkl
User 0, total time: 0.30
User 500, total time: 0.29
User 1000, total time: 0.29
this experiment is for /home/amir.reza/counterfactual/CFX-REC/checkpoints/VAE_ML1M_0.pt and VAE
users_DEL_jaccard:  0.003256259040858288
users_INS_jaccard:  0.009510718414994047
NDCG_jaccard:  0.6529171200349146
POS_at_1_jaccard:  0.4303883202889825
POS_at_5_jaccard:  0.7183925346177003
POS_at_10_jaccard:  0.8167519566526189
POS_at_20_jaccard:  0.885987357013847
POS_at_50_jaccard:  0.9363335340156531
POS_at_100_jaccard:  0.959587597832631
NEG_at_1_jaccard:  0.6356110776640579
NEG_at_5_jaccard:  0.898103552077062
NEG_at_10_jaccard:  0.9451384708007224
NEG_at_20_jaccard:  0.9668121613485853
NEG_at_50_jaccard:  0.9787025888019265
NEG_at_100_jaccard:  0.9853251053582179
0.003256259040858288 0.009510718414994047 0.6529171200349146 0.4303883202889825 0.6356110776640579 0.7183925346177003 0.898103552077062 0.8167519566526189 0.9451384708007224 0.885987357013847 0.9668121613485853 0.9363335340156531 0.9787025888019265 0.959587597832631 0.9853251053582179
 ============ Start explaining ML1M VAE by cosine ============
From file: VAE_cosine_expl_dict.pkl
User 0, total time: 0.29
User 500, total time: 0.29
User 1000, total time: 0.29
this experiment is for /home/amir.reza/counterfactual/CFX-REC/checkpoints/VAE_ML1M_0.pt and VAE
users_DEL_cosine:  0.003236718248269192
users_INS_cosine:  0.009604089750671875
NDCG_cosine:  0.628328960610936
POS_at_1_cosine:  0.40374774232390126
POS_at_5_cosine:  0.6847531607465381
POS_at_10_cosine:  0.7840156532209512
POS_at_20_cosine:  0.8625827814569537
POS_at_50_cosine:  0.9230132450331126
POS_at_100_cosine:  0.9511589403973509
NEG_at_1_cosine:  0.6607465382299819
NEG_at_5_cosine:  0.9025436484045756
NEG_at_10_cosine:  0.9452137266706803
NEG_at_20_cosine:  0.9661348585189644
NEG_at_50_cosine:  0.9784015653220952
NEG_at_100_cosine:  0.9851745936183022
0.003236718248269192 0.009604089750671875 0.628328960610936 0.40374774232390126 0.6607465382299819 0.6847531607465381 0.9025436484045756 0.7840156532209512 0.9452137266706803 0.8625827814569537 0.9661348585189644 0.9230132450331126 0.9784015653220952 0.9511589403973509 0.9851745936183022
 ============ Start explaining ML1M VAE by shap ============
From file: VAE_shap_expl_dict.pkl
User 0, total time: 0.29
User 500, total time: 0.29
User 1000, total time: 0.28
this experiment is for /home/amir.reza/counterfactual/CFX-REC/checkpoints/VAE_ML1M_0.pt and VAE
users_DEL_shap:  0.004351129057989717
users_INS_shap:  0.006611487758153599
NDCG_shap:  0.7293621620027632
POS_at_1_shap:  0.5279951836243227
POS_at_5_shap:  0.8138169777242625
POS_at_10_shap:  0.8863636363636364
POS_at_20_shap:  0.9308398555087297
POS_at_50_shap:  0.9621462974111981
POS_at_100_shap:  0.9776490066225165
NEG_at_1_shap:  0.4875075255869958
NEG_at_5_shap:  0.7632450331125827
NEG_at_10_shap:  0.8499397953040337
NEG_at_20_shap:  0.913305237808549
NEG_at_50_shap:  0.9549969897652018
NEG_at_100_shap:  0.9741119807344973
0.004351129057989717 0.006611487758153599 0.7293621620027632 0.5279951836243227 0.4875075255869958 0.8138169777242625 0.7632450331125827 0.8863636363636364 0.8499397953040337 0.9308398555087297 0.913305237808549 0.9621462974111981 0.9549969897652018 0.9776490066225165 0.9741119807344973
 ============ Start explaining ML1M VAE by accent ============
From file: VAE_accent_expl_dict.pkl
User 0, total time: 0.27
User 500, total time: 0.26
User 1000, total time: 0.26
this experiment is for /home/amir.reza/counterfactual/CFX-REC/checkpoints/VAE_ML1M_0.pt and VAE
users_DEL_accent:  0.002799154040566311
users_INS_accent:  0.011033299388455597
NDCG_accent:  0.5971760660306759
POS_at_1_accent:  0.3892233594220349
POS_at_5_accent:  0.6251505117399156
POS_at_10_accent:  0.7208007224563516
POS_at_20_accent:  0.8037326911499096
POS_at_50_accent:  0.8743226971703794
POS_at_100_accent:  0.9156381697772425
NEG_at_1_accent:  0.5523028296207104
NEG_at_5_accent:  0.861830222757375
NEG_at_10_accent:  0.9261739915713425
NEG_at_20_accent:  0.958534015653221
NEG_at_50_accent:  0.977423239012643
NEG_at_100_accent:  0.9849488260084286
0.002799154040566311 0.011033299388455597 0.5971760660306759 0.3892233594220349 0.5523028296207104 0.6251505117399156 0.861830222757375 0.7208007224563516 0.9261739915713425 0.8037326911499096 0.958534015653221 0.8743226971703794 0.977423239012643 0.9156381697772425 0.9849488260084286
