======================== new run ========================
(  0 / 120) loss = 235.1327
pos_loss = -0.0004222669522278011, neg_loss = 0.00042230807594023645
hit_at_10 is 102, hit_at_50 is 322, hit_at_100 is 547
0.02662490211433046 0.08405116157661185 0.14278256329939965 0.003915426781519186 12.32093885928529
(  0 / 120) loss = 192.8335
pos_loss = -0.00026251969393342733, neg_loss = 0.00026249067741446197
hit_at_10 is 215, hit_at_50 is 667, hit_at_100 is 991
0.05612111720177499 0.17410597755155313 0.25867919603236755 0.010441138084051161 6.928225428654839
(  0 / 120) loss = 173.4615
pos_loss = -0.0003348238824401051, neg_loss = 0.0003347627352923155
hit_at_10 is 297, hit_at_50 is 857, hit_at_100 is 1256
0.07752545027407988 0.22370138345079613 0.32785173583920646 0.01592273557817802 5.658021723299866
(  0 / 120) loss = 174.6154
pos_loss = -0.00038357300218194723, neg_loss = 0.0003835189563687891
hit_at_10 is 310, hit_at_50 is 943, hit_at_100 is 1364
0.08091882015139651 0.24614983033150614 0.35604280866614463 0.015400678673975463 5.038705093668427
(  0 / 120) loss = 162.9880
pos_loss = -0.00036203282070346177, neg_loss = 0.0003619628550950438
hit_at_10 is 348, hit_at_50 is 958, hit_at_100 is 1411
0.0908379013312451 0.2500652571130253 0.3683111459149047 0.015661707126076743 4.791271757273666
(  0 / 120) loss = 165.9438
pos_loss = -0.00020359370682854205, neg_loss = 0.0002034919016296044
hit_at_10 is 336, hit_at_50 is 991, hit_at_100 is 1436
0.08770555990602975 0.25867919603236755 0.3748368572174367 0.017227877838684416 4.682558230507152
(  0 / 120) loss = 166.4187
pos_loss = -0.0003600111813284457, neg_loss = 0.0003599145857151598
hit_at_10 is 364, hit_at_50 is 1005, hit_at_100 is 1466
0.09501435656486557 0.26233359436178544 0.38266771078047507 0.01357347950926651 4.624993677825208
(  0 / 120) loss = 159.9910
pos_loss = -0.00021516626293305308, neg_loss = 0.00021508862846530974
hit_at_10 is 355, hit_at_50 is 1027, hit_at_100 is 1479
0.09266510049595406 0.2680762203080136 0.3860610806577917 0.018533020099190813 4.543601426450064
(  0 / 120) loss = 164.9596
pos_loss = -0.0002647915680427104, neg_loss = 0.0002646280627232045
hit_at_10 is 349, hit_at_50 is 1028, hit_at_100 is 1460
0.09109892978334638 0.26833724876011483 0.3811015400678674 0.01905507700339337 4.531852079118785
(  0 / 120) loss = 157.5711
pos_loss = -0.0003329749160911888, neg_loss = 0.00033291795989498496
hit_at_10 is 361, hit_at_50 is 1051, hit_at_100 is 1526
0.09423127120856173 0.2743409031584443 0.3983294179065518 0.015139650221874185 4.476306161336654
(  0 / 120) loss = 160.4656
pos_loss = -0.00021978614677209407, neg_loss = 0.0002198761940235272
hit_at_10 is 377, hit_at_50 is 1044, hit_at_100 is 1510
0.0984077264421822 0.2725137039937353 0.3941529626729314 0.019838162359697206 4.441941969153922
(  0 / 120) loss = 158.3086
pos_loss = -0.0002728798135649413, neg_loss = 0.0002730265259742737
hit_at_10 is 377, hit_at_50 is 1053, hit_at_100 is 1499
0.0984077264421822 0.2748629600626468 0.39128164969981727 0.01957713390759593 4.468839442743115
(  0 / 120) loss = 155.2433
pos_loss = -0.00022783371969126165, neg_loss = 0.00022795595577917993
hit_at_10 is 385, hit_at_50 is 1059, hit_at_100 is 1516
0.10049595405899243 0.2764291307752545 0.39571913338553905 0.019838162359697206 4.452012838295023
(  0 / 120) loss = 150.5670
pos_loss = -0.00022853809059597552, neg_loss = 0.00022881926270201802
hit_at_10 is 370, hit_at_50 is 1026, hit_at_100 is 1508
0.09658052727747324 0.2678151918559123 0.3936309057687288 0.016966849386583136 4.472316290422791
(  0 / 120) loss = 152.8979
pos_loss = -0.0002777777554001659, neg_loss = 0.00027802996919490397
hit_at_10 is 346, hit_at_50 is 1010, hit_at_100 is 1494
0.09031584442704255 0.2636387366222918 0.3899765074393109 0.018794048551292093 4.497775068420414
(  0 / 120) loss = 144.5074
pos_loss = -0.00046211719745770097, neg_loss = 0.00046244385885074735
hit_at_10 is 370, hit_at_50 is 1028, hit_at_100 is 1480
0.09658052727747324 0.26833724876011483 0.38632210910989295 0.017749934742886976 4.515189976686002
(  0 / 120) loss = 157.4319
pos_loss = -0.0002510288904886693, neg_loss = 0.000251220801146701
hit_at_10 is 356, hit_at_50 is 1017, hit_at_100 is 1483
0.09292612894805534 0.2654659357870008 0.3871051944661968 0.018271991647089533 4.520387125102109
(  0 / 120) loss = 147.6664
pos_loss = -0.00026520100072957575, neg_loss = 0.0002653979754541069
hit_at_10 is 367, hit_at_50 is 1016, hit_at_100 is 1488
0.0957974419211694 0.2652049073348995 0.3884103367267032 0.014095536413469069 4.536037121915232
(  0 / 120) loss = 147.0012
pos_loss = -0.00033911943319253623, neg_loss = 0.0003394294762983918
hit_at_10 is 371, hit_at_50 is 1030, hit_at_100 is 1469
0.09684155572957452 0.2688593056643174 0.3834507961367789 0.018533020099190813 4.59309980404198
(  0 / 120) loss = 138.3049
pos_loss = -0.0003763731219805777, neg_loss = 0.00037661491660401225
hit_at_10 is 355, hit_at_50 is 1028, hit_at_100 is 1468
0.09266510049595406 0.26833724876011483 0.3831897676846776 0.018533020099190813 4.586717683481637
======================== new run ========================
(  0 /  60) loss = 223.7957
pos_loss = -0.0004336383717600256, neg_loss = 0.0004336325218901038
hit_at_10 is 203, hit_at_50 is 606, hit_at_100 is 909
0.052988775776559645 0.1581832419733751 0.23727486296006264 0.009919081179848603 9.401095003482999
(  0 /  60) loss = 188.5341
pos_loss = -0.000333715055603534, neg_loss = 0.0003336710506118834
hit_at_10 is 304, hit_at_50 is 847, hit_at_100 is 1271
0.07935264943878882 0.22109109892978335 0.33176716262072564 0.012790394152962672 5.684049287926714
(  0 /  60) loss = 178.1394
pos_loss = -0.00030508608324453235, neg_loss = 0.0003049624792765826
hit_at_10 is 350, hit_at_50 is 965, hit_at_100 is 1393
0.09135995823544767 0.25189245627773427 0.3636126337770817 0.017227877838684416 4.953624093712544
(  0 /  60) loss = 167.7723
pos_loss = -0.0002670869289431721, neg_loss = 0.00026694865664467216
hit_at_10 is 342, hit_at_50 is 1009, hit_at_100 is 1465
0.08927173061863743 0.26337770817019057 0.38240668232837377 0.016966849386583136 4.788865566778462
(  0 /  60) loss = 164.6927
pos_loss = -0.00022213211923372, neg_loss = 0.00022208603331819177
hit_at_10 is 367, hit_at_50 is 1014, hit_at_100 is 1448
0.0957974419211694 0.26468285043069695 0.37796919864265205 0.017488906290785696 4.670429692089718
(  0 /  60) loss = 157.7010
pos_loss = -0.00032230757642537355, neg_loss = 0.00032223996822722256
hit_at_10 is 347, hit_at_50 is 1006, hit_at_100 is 1467
0.09057687287914383 0.26259462281388674 0.38292873923257637 0.015661707126076743 4.635131463040343
(  0 /  60) loss = 158.2596
pos_loss = -0.00026218820130452514, neg_loss = 0.00026209131465293467
hit_at_10 is 353, hit_at_50 is 1030, hit_at_100 is 1483
0.0921430435917515 0.2688593056643174 0.3871051944661968 0.020621247716001045 4.707398034820016
(  0 /  60) loss = 162.1661
pos_loss = -0.0002663022023625672, neg_loss = 0.00026622990844771266
hit_at_10 is 341, hit_at_50 is 1029, hit_at_100 is 1498
0.08901070216653616 0.26859827721221613 0.391020621247716 0.015661707126076743 4.648146639438629
(  0 /  60) loss = 150.9089
pos_loss = -0.00022268385509960353, neg_loss = 0.00022263737628236413
hit_at_10 is 341, hit_at_50 is 1044, hit_at_100 is 1483
0.08901070216653616 0.2725137039937353 0.3871051944661968 0.0161837640302793 4.664064300547864
(  0 /  60) loss = 148.3063
pos_loss = -0.00028932164423167706, neg_loss = 0.00028918113093823195
hit_at_10 is 340, hit_at_50 is 991, hit_at_100 is 1452
0.08874967371443487 0.25867919603236755 0.3790133124510572 0.015661707126076743 4.733241580243307
(  0 /  60) loss = 150.9795
pos_loss = -0.0003771037154365331, neg_loss = 0.00037710965261794627
hit_at_10 is 346, hit_at_50 is 1015, hit_at_100 is 1476
0.09031584442704255 0.26494387888279824 0.3852779953014879 0.015661707126076743 4.798256122500282
(  0 /  60) loss = 150.9323
pos_loss = -0.0001963610848179087, neg_loss = 0.0001963748363777995
hit_at_10 is 351, hit_at_50 is 996, hit_at_100 is 1436
0.09162098668754894 0.25998433829287393 0.3748368572174367 0.012268337248760116 4.844199583659491
(  0 /  60) loss = 146.3712
pos_loss = -0.0003875669208355248, neg_loss = 0.00038764969212934375
hit_at_10 is 337, hit_at_50 is 975, hit_at_100 is 1420
0.08796658835813104 0.2545027407987471 0.3706604019838162 0.01357347950926651 4.905461249431435
(  0 /  60) loss = 144.2988
pos_loss = -0.00027567512006498873, neg_loss = 0.0002757935144472867
hit_at_10 is 315, hit_at_50 is 972, hit_at_100 is 1432
0.0822239624119029 0.25371965544244324 0.37379274340903157 0.01357347950926651 4.923704244113109
(  0 /  60) loss = 143.5548
pos_loss = -0.00033101625740528107, neg_loss = 0.00033117516431957483
hit_at_10 is 339, hit_at_50 is 980, hit_at_100 is 1406
0.08848864526233359 0.25580788305925345 0.36700600365439834 0.012268337248760116 4.957215256352001
(  0 /  60) loss = 142.3258
pos_loss = -0.0002251034020446241, neg_loss = 0.0002251012483611703
hit_at_10 is 341, hit_at_50 is 994, hit_at_100 is 1423
0.08901070216653616 0.2594622813886714 0.37144348734012006 0.013834507961367789 4.975148764191314
(  0 /  60) loss = 141.5737
pos_loss = -0.00033822134719230235, neg_loss = 0.0003383550501894206
hit_at_10 is 334, hit_at_50 is 970, hit_at_100 is 1403
0.0871835030018272 0.25319759853824064 0.3662229182980945 0.013834507961367789 5.012842031056905
(  0 /  60) loss = 132.6765
pos_loss = -0.00032505608396604657, neg_loss = 0.0003251156012993306
hit_at_10 is 333, hit_at_50 is 967, hit_at_100 is 1413
0.08692247454972592 0.2524145131819368 0.3688332028191073 0.014095536413469069 5.035735692883474
(  0 /  60) loss = 138.4292
pos_loss = -0.0004079073842149228, neg_loss = 0.0004080625076312572
hit_at_10 is 340, hit_at_50 is 968, hit_at_100 is 1413
0.08874967371443487 0.2526755416340381 0.3688332028191073 0.01357347950926651 5.035370442646078
(  0 /  60) loss = 127.5303
pos_loss = -0.00019647648150566965, neg_loss = 0.000196611785213463
hit_at_10 is 320, hit_at_50 is 991, hit_at_100 is 1409
0.08352910467240929 0.25867919603236755 0.3677890890107022 0.014617593317671627 5.077864937823131
======================== new run ========================
(  0 / 120) loss = 228.0735
pos_loss = -0.00027953487006016076, neg_loss = 0.00027956004487350583
hit_at_10 is 120, hit_at_50 is 368, hit_at_100 is 590
0.031323414252153486 0.09605847037327069 0.15400678673975463 0.0026102845210127902 12.778187545792488
(  0 / 120) loss = 199.1901
pos_loss = -0.00040253903716802597, neg_loss = 0.00040248886216431856
hit_at_10 is 265, hit_at_50 is 749, hit_at_100 is 1078
0.06917253980683895 0.195510310623858 0.2813886713651788 0.012529365700861394 6.586875382362889
(  0 / 120) loss = 174.0260
pos_loss = -0.00041240942664444447, neg_loss = 0.0004123894323129207
hit_at_10 is 306, hit_at_50 is 883, hit_at_100 is 1291
0.07987470634299139 0.23048812320542938 0.33698773166275126 0.0161837640302793 5.42304592935319
(  0 / 120) loss = 173.0137
pos_loss = -0.0002845309500116855, neg_loss = 0.0002845009439624846
hit_at_10 is 349, hit_at_50 is 947, hit_at_100 is 1390
0.09109892978334638 0.24719394413991125 0.36282954842077786 0.018271991647089533 5.040570379231943
(  0 / 120) loss = 170.5262
pos_loss = -0.00023171873181127012, neg_loss = 0.00023169987252913415
hit_at_10 is 332, hit_at_50 is 981, hit_at_100 is 1421
0.08666144609762465 0.25606891151135475 0.3709214304359175 0.014356564865570347 4.85454090526645
(  0 / 120) loss = 167.0284
pos_loss = -0.00021542012109421194, neg_loss = 0.0002154189714929089
hit_at_10 is 364, hit_at_50 is 1000, hit_at_100 is 1468
0.09501435656486557 0.26102845210127906 0.3831897676846776 0.01670582093448186 4.778256580875371
(  0 / 120) loss = 164.9966
pos_loss = -0.0002828516880981624, neg_loss = 0.00028278809622861445
hit_at_10 is 364, hit_at_50 is 1019, hit_at_100 is 1486
0.09501435656486557 0.2659879926912033 0.3878882798225006 0.017488906290785696 4.691248955621431
(  0 / 120) loss = 154.7989
pos_loss = -0.00030480086570605636, neg_loss = 0.0003048709186259657
hit_at_10 is 358, hit_at_50 is 1035, hit_at_100 is 1483
0.09344818585225789 0.2701644479248238 0.3871051944661968 0.0161837640302793 4.656394045562495
(  0 / 120) loss = 150.7033
pos_loss = -0.0002597130078356713, neg_loss = 0.0002598574210423976
hit_at_10 is 380, hit_at_50 is 1031, hit_at_100 is 1509
0.09919081179848603 0.26912033411641867 0.3938919342208301 0.01644479248238058 4.612750824447969
(  0 / 120) loss = 166.2026
pos_loss = -0.00026066508144140244, neg_loss = 0.00026080128736793995
hit_at_10 is 379, hit_at_50 is 1047, hit_at_100 is 1502
0.09892978334638476 0.27329678935003915 0.3920647350561211 0.017749934742886976 4.544831009310317
(  0 / 120) loss = 157.0146
pos_loss = -0.00031040620524436235, neg_loss = 0.00031055696308612823
hit_at_10 is 352, hit_at_50 is 1056, hit_at_100 is 1511
0.09188201513965022 0.27564604541895066 0.3944139911250326 0.018010963194988253 4.582652531984473
(  0 / 120) loss = 161.7893
pos_loss = -0.0001887901162263006, neg_loss = 0.00018881070718634874
hit_at_10 is 386, hit_at_50 is 1047, hit_at_100 is 1507
0.1007569825110937 0.27329678935003915 0.39336987731662754 0.01957713390759593 4.543001969953573
(  0 / 120) loss = 149.0515
pos_loss = -0.0002314276498509571, neg_loss = 0.00023138047254178673
hit_at_10 is 375, hit_at_50 is 1036, hit_at_100 is 1520
0.09788566953797964 0.2704254763769251 0.3967632471939441 0.0161837640302793 4.5896870842665844
(  0 / 120) loss = 154.6833
pos_loss = -0.0002821283705998212, neg_loss = 0.00028212141478434205
hit_at_10 is 356, hit_at_50 is 1057, hit_at_100 is 1496
0.09292612894805534 0.27590707387105196 0.39049856434351343 0.018794048551292093 4.5550301342599635
(  0 / 120) loss = 150.4770
pos_loss = -0.00017812020087148994, neg_loss = 0.0001781243918230757
hit_at_10 is 363, hit_at_50 is 1030, hit_at_100 is 1505
0.0947533281127643 0.2688593056643174 0.39284782041242494 0.014878621769772905 4.576775070149056
(  0 / 120) loss = 143.4331
pos_loss = -0.0003346251614857465, neg_loss = 0.00033459681435488164
hit_at_10 is 356, hit_at_50 is 1037, hit_at_100 is 1508
0.09292612894805534 0.27068650482902634 0.3936309057687288 0.015661707126076743 4.603770129679558
(  0 / 120) loss = 154.4296
pos_loss = -0.000257713720202446, neg_loss = 0.00025772929075174034
hit_at_10 is 355, hit_at_50 is 1023, hit_at_100 is 1490
0.09266510049595406 0.26703210649960846 0.38893239363090576 0.017227877838684416 4.658384798764816
(  0 / 120) loss = 149.2805
pos_loss = -0.00022398025612346828, neg_loss = 0.00022399469162337482
hit_at_10 is 359, hit_at_50 is 1052, hit_at_100 is 1485
0.09370921430435918 0.2746019316105455 0.3876272513703994 0.01670582093448186 4.674185356744497
(  0 / 120) loss = 146.1847
pos_loss = -0.00024309814034495503, neg_loss = 0.00024312676396220922
hit_at_10 is 371, hit_at_50 is 1024, hit_at_100 is 1465
0.09684155572957452 0.26729313495170975 0.38240668232837377 0.018010963194988253 4.67619005079555
(  0 / 120) loss = 141.6497
pos_loss = -0.00021952661336399615, neg_loss = 0.0002195370470872149
hit_at_10 is 362, hit_at_50 is 1047, hit_at_100 is 1496
0.09449229966066301 0.27329678935003915 0.39049856434351343 0.016966849386583136 4.726616888914593
Best hyperparameters: {'learning_rate': 0.0014014052156636617, 'batch_size': 128}
Best metric value: 0.1007569825110937
Traceback (most recent call last):
  File "/home/amir.reza/counterfactual/CFX-REC/code/init_recommenders_training.py", line 358, in <module>
    model = load_recommender()
  File "/home/amir.reza/counterfactual/CFX-REC/code/init_recommenders_training.py", line 351, in load_recommender
    recommender_checkpoint = torch.load(Path(checkpoints_path, recommender_path))
  File "/home/amir.reza/counterfactual/CFX-REC/cfx-recVenv/lib/python3.10/site-packages/torch/serialization.py", line 997, in load
    with _open_file_like(f, 'rb') as opened_file:
  File "/home/amir.reza/counterfactual/CFX-REC/cfx-recVenv/lib/python3.10/site-packages/torch/serialization.py", line 444, in _open_file_like
    return _open_file(name_or_buffer, mode)
  File "/home/amir.reza/counterfactual/CFX-REC/cfx-recVenv/lib/python3.10/site-packages/torch/serialization.py", line 425, in __init__
    super().__init__(open(name, mode))
FileNotFoundError: [Errno 2] No such file or directory: '/home/amir.reza/counterfactual/CFX-REC/checkpoints/VAE_Pinterest_12_18_0.0001_256.pt'
srun: error: gc1: task 0: Exited with exit code 1
