0
500
1000
 ============ Start explaining ML1M VAE by lxr ============
From file: VAE_lxr_expl_dict.pkl
User 0, total time: 0.29
User 500, total time: 0.28
User 1000, total time: 0.28
this experiment is for /home/amir.reza/counterfactual/CFX-REC/checkpoints/VAE_ML1M_17.pt and VAE
users_DEL_lxr:  0.0077303686056956165
users_INS_lxr:  0.018449356105816876
NDCG_lxr:  0.45125337035217467
POS_at_1_lxr:  0.24044250451535218
POS_at_5_lxr:  0.4272275737507526
POS_at_10_lxr:  0.5159542444310656
POS_at_20_lxr:  0.607164358819988
POS_at_50_lxr:  0.7326158940397351
POS_at_100_lxr:  0.8205900060204696
NEG_at_1_lxr:  0.4236152919927755
NEG_at_5_lxr:  0.6709813365442504
NEG_at_10_lxr:  0.7474413004214329
NEG_at_20_lxr:  0.8041842263696569
NEG_at_50_lxr:  0.8664960866947622
NEG_at_100_lxr:  0.9063816977724263
0.0077303686056956165 0.018449356105816876 0.45125337035217467 0.24044250451535218 0.4236152919927755 0.4272275737507526 0.6709813365442504 0.5159542444310656 0.7474413004214329 0.607164358819988 0.8041842263696569 0.7326158940397351 0.8664960866947622 0.8205900060204696 0.9063816977724263
 ============ Start explaining ML1M VAE by lime ============
From file: VAE_lime_expl_dict.pkl
User 0, total time: 0.29
User 500, total time: 0.29
User 1000, total time: 0.29
this experiment is for /home/amir.reza/counterfactual/CFX-REC/checkpoints/VAE_ML1M_17.pt and VAE
users_DEL_lime:  0.008527424693623258
users_INS_lime:  0.015372754257513648
NDCG_lime:  0.45998387210562264
POS_at_1_lime:  0.24157134256472004
POS_at_5_lime:  0.4440848886213125
POS_at_10_lime:  0.5400361228175797
POS_at_20_lime:  0.635009030704395
POS_at_50_lime:  0.7572998193859122
POS_at_100_lime:  0.838199879590608
NEG_at_1_lime:  0.4778747742323901
NEG_at_5_lime:  0.7254665863937387
NEG_at_10_lime:  0.7985400361228175
NEG_at_20_lime:  0.8485851896447922
NEG_at_50_lime:  0.9036724864539435
NEG_at_100_lime:  0.9340006020469597
0.008527424693623258 0.015372754257513648 0.45998387210562264 0.24157134256472004 0.4778747742323901 0.4440848886213125 0.7254665863937387 0.5400361228175797 0.7985400361228175 0.635009030704395 0.8485851896447922 0.7572998193859122 0.9036724864539435 0.838199879590608 0.9340006020469597
 ============ Start explaining ML1M VAE by jaccard ============
From file: VAE_jaccard_expl_dict.pkl
User 0, total time: 0.29
User 500, total time: 0.29
User 1000, total time: 0.29
this experiment is for /home/amir.reza/counterfactual/CFX-REC/checkpoints/VAE_ML1M_17.pt and VAE
users_DEL_jaccard:  0.006959988392439366
users_INS_jaccard:  0.018425245139465272
NDCG_jaccard:  0.4137077385499123
POS_at_1_jaccard:  0.20763094521372666
POS_at_5_jaccard:  0.38026791089705
POS_at_10_jaccard:  0.46131848284166166
POS_at_20_jaccard:  0.554108970499699
POS_at_50_jaccard:  0.6740668272125225
POS_at_100_jaccard:  0.7569987959060807
NEG_at_1_jaccard:  0.4272275737507526
NEG_at_5_jaccard:  0.7150812763395545
NEG_at_10_jaccard:  0.8082480433473811
NEG_at_20_jaccard:  0.8728175797712221
NEG_at_50_jaccard:  0.9260987357013847
NEG_at_100_jaccard:  0.9476971703792896
0.006959988392439366 0.018425245139465272 0.4137077385499123 0.20763094521372666 0.4272275737507526 0.38026791089705 0.7150812763395545 0.46131848284166166 0.8082480433473811 0.554108970499699 0.8728175797712221 0.6740668272125225 0.9260987357013847 0.7569987959060807 0.9476971703792896
 ============ Start explaining ML1M VAE by cosine ============
From file: VAE_cosine_expl_dict.pkl
User 0, total time: 0.30
User 500, total time: 0.30
User 1000, total time: 0.29
this experiment is for /home/amir.reza/counterfactual/CFX-REC/checkpoints/VAE_ML1M_17.pt and VAE
users_DEL_cosine:  0.006870191190484834
users_INS_cosine:  0.0187828959654887
NDCG_cosine:  0.40765814879748796
POS_at_1_cosine:  0.20364238410596028
POS_at_5_cosine:  0.36807645996387717
POS_at_10_cosine:  0.449578567128236
POS_at_20_cosine:  0.5419175195665262
POS_at_50_cosine:  0.6634557495484649
POS_at_100_cosine:  0.7488711619506322
NEG_at_1_cosine:  0.4318934376881397
NEG_at_5_cosine:  0.7166616496086695
NEG_at_10_cosine:  0.805614087898856
NEG_at_20_cosine:  0.8689795304033715
NEG_at_50_cosine:  0.9221101745936183
NEG_at_100_cosine:  0.9462673088500902
0.006870191190484834 0.0187828959654887 0.40765814879748796 0.20364238410596028 0.4318934376881397 0.36807645996387717 0.7166616496086695 0.449578567128236 0.805614087898856 0.5419175195665262 0.8689795304033715 0.6634557495484649 0.9221101745936183 0.7488711619506322 0.9462673088500902
 ============ Start explaining ML1M VAE by shap ============
From file: VAE_shap_expl_dict.pkl
User 0, total time: 0.30
User 500, total time: 0.29
User 1000, total time: 0.29
this experiment is for /home/amir.reza/counterfactual/CFX-REC/checkpoints/VAE_ML1M_17.pt and VAE
users_DEL_shap:  0.01048824124993888
users_INS_shap:  0.011530325180148791
NDCG_shap:  0.548957927398101
POS_at_1_shap:  0.32916917519566524
POS_at_5_shap:  0.5694611679711017
POS_at_10_shap:  0.6695514750150512
POS_at_20_shap:  0.7517308850090307
POS_at_50_shap:  0.8415863937387116
POS_at_100_shap:  0.8935129440096327
NEG_at_1_shap:  0.2840909090909091
NEG_at_5_shap:  0.5020319084888621
NEG_at_10_shap:  0.5894792293798916
NEG_at_20_shap:  0.6794852498494883
NEG_at_50_shap:  0.7898103552077063
NEG_at_100_shap:  0.8576911499096929
0.01048824124993888 0.011530325180148791 0.548957927398101 0.32916917519566524 0.2840909090909091 0.5694611679711017 0.5020319084888621 0.6695514750150512 0.5894792293798916 0.7517308850090307 0.6794852498494883 0.8415863937387116 0.7898103552077063 0.8935129440096327 0.8576911499096929
 ============ Start explaining ML1M VAE by accent ============
From file: VAE_accent_expl_dict.pkl
User 0, total time: 0.27
User 500, total time: 0.27
User 1000, total time: 0.26
this experiment is for /home/amir.reza/counterfactual/CFX-REC/checkpoints/VAE_ML1M_17.pt and VAE
users_DEL_accent:  0.00725511414856816
users_INS_accent:  0.01682310810449085
NDCG_accent:  0.46075093643801496
POS_at_1_accent:  0.2673088500903071
POS_at_5_accent:  0.42639975918121614
POS_at_10_accent:  0.5078266104756172
POS_at_20_accent:  0.5957254665863937
POS_at_50_accent:  0.7163606261288381
POS_at_100_accent:  0.8041842263696569
NEG_at_1_accent:  0.2307344972907887
NEG_at_5_accent:  0.5384557495484649
NEG_at_10_accent:  0.6672185430463576
NEG_at_20_accent:  0.7699428055388321
NEG_at_50_accent:  0.8692805538832028
NEG_at_100_accent:  0.9171432871763998
0.00725511414856816 0.01682310810449085 0.46075093643801496 0.2673088500903071 0.2307344972907887 0.42639975918121614 0.5384557495484649 0.5078266104756172 0.6672185430463576 0.5957254665863937 0.7699428055388321 0.7163606261288381 0.8692805538832028 0.8041842263696569 0.9171432871763998
